TN:
SF:src\preload.js
FN:9,(anonymous_0)
FN:12,(anonymous_1)
FN:15,(anonymous_2)
FNF:3
FNH:0
FNDA:0,(anonymous_0)
FNDA:0,(anonymous_1)
FNDA:0,(anonymous_2)
DA:5,0
DA:7,0
DA:9,0
DA:12,0
DA:15,0
LF:5
LH:0
BRF:0
BRH:0
end_of_record
TN:
SF:src\main\generator.js
FN:19,(anonymous_0)
FN:31,(anonymous_1)
FN:96,(anonymous_2)
FN:116,generatePlan
FN:191,(anonymous_4)
FN:210,(anonymous_5)
FN:211,(anonymous_6)
FNF:7
FNH:4
FNDA:6,(anonymous_0)
FNDA:6,(anonymous_1)
FNDA:5,(anonymous_2)
FNDA:6,generatePlan
FNDA:0,(anonymous_4)
FNDA:0,(anonymous_5)
FNDA:0,(anonymous_6)
DA:7,1
DA:8,1
DA:9,1
DA:10,1
DA:11,1
DA:12,1
DA:19,1
DA:20,6
DA:31,1
DA:46,6
DA:49,6
DA:57,6
DA:59,6
DA:60,4
DA:62,6
DA:63,6
DA:64,6
DA:65,6
DA:66,6
DA:67,4
DA:69,6
DA:76,6
DA:96,1
DA:97,5
DA:98,5
DA:100,5
DA:117,6
DA:119,6
DA:122,6
DA:125,6
DA:128,6
DA:131,6
DA:132,1
DA:133,1
DA:140,5
DA:141,5
DA:144,1
DA:148,5
DA:151,5
DA:154,5
DA:157,5
DA:160,5
DA:178,0
DA:191,1
DA:192,0
DA:194,0
DA:195,0
DA:198,0
DA:199,0
DA:202,0
DA:203,0
DA:207,0
DA:208,0
DA:210,0
DA:211,0
DA:212,0
DA:213,0
DA:214,0
DA:216,0
DA:222,0
DA:223,0
DA:226,0
DA:236,1
LF:63
LH:44
BRDA:50,0,0,2
BRDA:50,0,1,4
BRDA:51,1,0,4
BRDA:51,1,1,2
BRDA:59,2,0,2
BRDA:59,2,1,4
BRDA:60,3,0,0
BRDA:60,3,1,4
BRDA:62,4,0,2
BRDA:62,4,1,4
BRDA:63,5,0,2
BRDA:63,5,1,4
BRDA:64,6,0,2
BRDA:64,6,1,4
BRDA:65,7,0,2
BRDA:65,7,1,4
BRDA:66,8,0,2
BRDA:66,8,1,4
BRDA:67,9,0,0
BRDA:67,9,1,4
BRDA:71,10,0,4
BRDA:71,10,1,2
BRDA:106,11,0,5
BRDA:106,11,1,0
BRDA:131,12,0,1
BRDA:131,12,1,5
BRDA:141,13,0,1
BRDA:141,13,1,4
BRDA:164,14,0,5
BRDA:164,14,1,5
BRDA:180,15,0,0
BRDA:180,15,1,0
BRDA:194,16,0,0
BRDA:194,16,1,0
BRDA:194,17,0,0
BRDA:194,17,1,0
BRDA:198,18,0,0
BRDA:198,18,1,0
BRDA:198,19,0,0
BRDA:198,19,1,0
BRDA:202,20,0,0
BRDA:202,20,1,0
BRDA:202,21,0,0
BRDA:202,21,1,0
BRDA:212,22,0,0
BRDA:212,22,1,0
BRDA:212,23,0,0
BRDA:212,23,1,0
BRDA:212,23,2,0
BRDA:213,24,0,0
BRDA:213,24,1,0
BRDA:222,25,0,0
BRDA:222,25,1,0
BRF:53
BRH:27
end_of_record
TN:
SF:src\main\main.js
FN:16,validateCacheRatio
FN:61,createWindow
FN:88,(anonymous_2)
FN:92,(anonymous_3)
FN:103,createMenu
FN:107,(anonymous_5)
FN:121,(anonymous_6)
FN:142,(anonymous_7)
FN:147,(anonymous_8)
FN:158,(anonymous_9)
FN:170,(anonymous_10)
FN:191,(anonymous_11)
FN:278,(anonymous_12)
FN:292,(anonymous_13)
FN:298,(anonymous_14)
FN:305,(anonymous_15)
FN:312,(anonymous_16)
FN:319,(anonymous_17)
FN:321,(anonymous_18)
FN:327,(anonymous_19)
FNF:20
FNH:0
FNDA:0,validateCacheRatio
FNDA:0,createWindow
FNDA:0,(anonymous_2)
FNDA:0,(anonymous_3)
FNDA:0,createMenu
FNDA:0,(anonymous_5)
FNDA:0,(anonymous_6)
FNDA:0,(anonymous_7)
FNDA:0,(anonymous_8)
FNDA:0,(anonymous_9)
FNDA:0,(anonymous_10)
FNDA:0,(anonymous_11)
FNDA:0,(anonymous_12)
FNDA:0,(anonymous_13)
FNDA:0,(anonymous_14)
FNDA:0,(anonymous_15)
FNDA:0,(anonymous_16)
FNDA:0,(anonymous_17)
FNDA:0,(anonymous_18)
FNDA:0,(anonymous_19)
DA:5,0
DA:6,0
DA:7,0
DA:8,0
DA:9,0
DA:17,0
DA:20,0
DA:21,0
DA:24,0
DA:25,0
DA:26,0
DA:27,0
DA:29,0
DA:30,0
DA:36,0
DA:38,0
DA:39,0
DA:45,0
DA:52,0
DA:62,0
DA:64,0
DA:77,0
DA:80,0
DA:81,0
DA:85,0
DA:88,0
DA:89,0
DA:92,0
DA:93,0
DA:96,0
DA:104,0
DA:108,0
DA:122,0
DA:135,0
DA:136,0
DA:142,0
DA:143,0
DA:145,0
DA:147,0
DA:149,0
DA:150,0
DA:158,0
DA:159,0
DA:162,0
DA:163,0
DA:170,0
DA:171,0
DA:172,0
DA:173,0
DA:176,0
DA:177,0
DA:178,0
DA:180,0
DA:183,0
DA:184,0
DA:191,0
DA:192,0
DA:193,0
DA:202,0
DA:204,0
DA:205,0
DA:206,0
DA:207,0
DA:215,0
DA:217,0
DA:218,0
DA:219,0
DA:226,0
DA:233,0
DA:235,0
DA:237,0
DA:238,0
DA:242,0
DA:249,0
DA:253,0
DA:260,0
DA:261,0
DA:267,0
DA:278,0
DA:279,0
DA:292,0
DA:293,0
DA:295,0
DA:298,0
DA:299,0
DA:305,0
DA:306,0
DA:312,0
DA:313,0
DA:319,0
DA:321,0
DA:322,0
DA:323,0
DA:327,0
DA:328,0
DA:329,0
DA:330,0
DA:331,0
DA:336,0
LF:99
LH:0
BRDA:17,0,0,0
BRDA:17,1,0,0
BRDA:17,2,0,0
BRDA:17,3,0,0
BRDA:17,4,0,0
BRDA:29,5,0,0
BRDA:29,5,1,0
BRDA:38,6,0,0
BRDA:38,6,1,0
BRDA:80,7,0,0
BRDA:80,7,1,0
BRDA:149,8,0,0
BRDA:149,8,1,0
BRDA:162,9,0,0
BRDA:162,9,1,0
BRDA:176,10,0,0
BRDA:176,10,1,0
BRDA:205,11,0,0
BRDA:205,11,1,0
BRDA:217,12,0,0
BRDA:217,12,1,0
BRDA:237,13,0,0
BRDA:237,13,1,0
BRDA:255,14,0,0
BRDA:255,14,1,0
BRDA:329,15,0,0
BRDA:329,15,1,0
BRF:27
BRH:0
end_of_record
TN:
SF:src\main\constants\index.js
FNF:0
FNH:0
DA:6,3
DA:7,3
DA:8,3
DA:11,3
DA:75,3
DA:92,3
DA:101,3
DA:108,3
DA:115,3
DA:122,3
DA:132,3
DA:142,3
DA:154,3
DA:161,3
LF:14
LH:14
BRF:0
BRH:0
end_of_record
TN:
SF:src\main\generators\server-generator.js
FN:15,(anonymous_0)
FN:52,(anonymous_1)
FN:70,(anonymous_2)
FN:120,(anonymous_3)
FN:185,(anonymous_4)
FN:210,(anonymous_5)
FN:235,(anonymous_6)
FN:260,(anonymous_7)
FN:283,(anonymous_8)
FNF:9
FNH:8
FNDA:29,(anonymous_0)
FNDA:33,(anonymous_1)
FNDA:33,(anonymous_2)
FNDA:5,(anonymous_3)
FNDA:1,(anonymous_4)
FNDA:4,(anonymous_5)
FNDA:1,(anonymous_6)
FNDA:0,(anonymous_7)
FNDA:5,(anonymous_8)
DA:5,1
DA:6,1
DA:15,1
DA:16,29
DA:17,29
DA:19,7
DA:20,7
DA:23,19
DA:24,19
DA:26,3
DA:27,3
DA:29,0
DA:30,0
DA:32,0
DA:35,29
DA:36,0
DA:38,29
DA:52,1
DA:53,33
DA:70,1
DA:71,33
DA:78,33
DA:80,7
DA:81,7
DA:82,7
DA:83,7
DA:84,7
DA:86,3
DA:87,3
DA:88,3
DA:89,3
DA:90,3
DA:92,16
DA:93,16
DA:94,16
DA:95,16
DA:96,16
DA:98,3
DA:99,3
DA:100,3
DA:101,3
DA:102,3
DA:104,0
DA:105,0
DA:106,0
DA:107,0
DA:108,0
DA:111,33
DA:120,1
DA:121,5
DA:122,5
DA:124,5
DA:125,7
DA:126,7
DA:127,7
DA:128,7
DA:129,7
DA:131,7
DA:136,7
DA:138,2
DA:139,2
DA:141,2
DA:142,2
DA:143,2
DA:156,2
DA:157,2
DA:159,2
DA:160,2
DA:161,2
DA:176,5
DA:185,1
DA:186,1
DA:187,1
DA:189,1
DA:190,3
DA:191,3
DA:192,3
DA:193,3
DA:194,3
DA:196,3
DA:201,1
DA:210,1
DA:211,4
DA:212,4
DA:214,4
DA:215,16
DA:216,16
DA:217,16
DA:218,16
DA:219,16
DA:221,16
DA:226,4
DA:235,1
DA:236,1
DA:237,1
DA:239,1
DA:240,3
DA:241,3
DA:242,3
DA:243,3
DA:244,3
DA:246,3
DA:251,1
DA:260,1
DA:261,0
DA:262,0
DA:264,0
DA:265,0
DA:266,0
DA:267,0
DA:268,0
DA:269,0
DA:271,0
DA:274,0
DA:283,1
DA:284,5
DA:287,5
DA:290,5
DA:291,4
DA:293,1
DA:294,1
DA:300,5
DA:303,1
LF:123
LH:104
BRDA:17,0,0,7
BRDA:17,0,1,3
BRDA:17,0,2,19
BRDA:17,0,3,3
BRDA:17,0,4,0
BRDA:17,0,5,0
BRDA:29,1,0,0
BRDA:29,1,1,0
BRDA:35,2,0,0
BRDA:35,2,1,29
BRDA:35,3,0,29
BRDA:35,3,1,29
BRDA:78,4,0,7
BRDA:78,4,1,3
BRDA:78,4,2,16
BRDA:78,4,3,3
BRDA:78,4,4,0
BRDA:127,5,0,3
BRDA:127,5,1,4
BRDA:136,6,0,2
BRDA:136,6,1,5
BRDA:136,7,0,7
BRDA:136,7,1,2
BRDA:139,8,0,0
BRDA:139,8,1,2
BRDA:141,9,0,0
BRDA:141,9,1,2
BRDA:142,10,0,0
BRDA:142,10,1,2
BRDA:156,11,0,2
BRDA:156,11,1,0
BRDA:159,12,0,0
BRDA:159,12,1,2
BRDA:160,13,0,0
BRDA:160,13,1,2
BRDA:192,14,0,0
BRDA:192,14,1,3
BRDA:217,15,0,6
BRDA:217,15,1,10
BRDA:267,16,0,0
BRDA:267,16,1,0
BRDA:290,17,0,4
BRDA:290,17,1,1
BRF:43
BRH:28
end_of_record
TN:
SF:src\main\generators\storage-generator.js
FN:15,(anonymous_0)
FN:31,(anonymous_1)
FN:35,(anonymous_2)
FN:47,(anonymous_3)
FN:48,(anonymous_4)
FN:57,(anonymous_5)
FN:90,(anonymous_6)
FN:127,(anonymous_7)
FN:168,(anonymous_8)
FN:173,(anonymous_9)
FN:200,(anonymous_10)
FN:233,(anonymous_11)
FN:259,(anonymous_12)
FNF:13
FNH:13
FNDA:20,(anonymous_0)
FNDA:8,(anonymous_1)
FNDA:22,(anonymous_2)
FNDA:5,(anonymous_3)
FNDA:10,(anonymous_4)
FNDA:5,(anonymous_5)
FNDA:5,(anonymous_6)
FNDA:8,(anonymous_7)
FNDA:5,(anonymous_8)
FNDA:8,(anonymous_9)
FNDA:5,(anonymous_10)
FNDA:5,(anonymous_11)
FNDA:5,(anonymous_12)
DA:5,1
DA:15,1
DA:16,20
DA:31,1
DA:32,8
DA:35,22
DA:47,1
DA:48,10
DA:57,1
DA:58,5
DA:61,5
DA:71,5
DA:72,5
DA:82,5
DA:90,1
DA:91,5
DA:93,5
DA:95,5
DA:97,2
DA:98,2
DA:99,2
DA:101,2
DA:102,2
DA:103,3
DA:106,3
DA:107,3
DA:110,3
DA:115,3
DA:118,5
DA:127,1
DA:128,8
DA:131,8
DA:132,8
DA:137,8
DA:139,6
DA:140,6
DA:141,6
DA:143,1
DA:144,1
DA:145,1
DA:147,1
DA:148,1
DA:149,1
DA:151,0
DA:152,0
DA:155,8
DA:168,1
DA:169,5
DA:170,5
DA:171,5
DA:173,5
DA:174,8
DA:175,8
DA:176,8
DA:177,8
DA:180,8
DA:181,8
DA:182,8
DA:185,5
DA:200,1
DA:201,5
DA:202,5
DA:204,5
DA:206,1
DA:207,0
DA:211,4
DA:212,3
DA:213,3
DA:215,3
DA:216,2
DA:219,1
DA:220,0
DA:225,5
DA:233,1
DA:234,5
DA:237,5
DA:240,5
DA:243,5
DA:245,5
DA:259,1
DA:260,5
DA:261,5
DA:264,5
DA:265,0
DA:266,0
DA:270,5
DA:271,0
DA:275,5
DA:276,5
DA:278,5
DA:281,1
LF:91
LH:84
BRDA:57,0,0,0
BRDA:71,1,0,5
BRDA:71,1,1,0
BRDA:91,2,0,5
BRDA:95,3,0,2
BRDA:95,3,1,3
BRDA:95,4,0,5
BRDA:95,4,1,4
BRDA:95,4,2,4
BRDA:97,5,0,1
BRDA:97,5,1,1
BRDA:103,6,0,3
BRDA:103,6,1,0
BRDA:103,7,0,3
BRDA:103,7,1,3
BRDA:137,8,0,6
BRDA:137,8,1,1
BRDA:137,8,2,1
BRDA:137,8,3,0
BRDA:204,9,0,1
BRDA:204,9,1,4
BRDA:206,10,0,0
BRDA:206,10,1,1
BRDA:211,11,0,3
BRDA:211,11,1,1
BRDA:212,12,0,3
BRDA:212,12,1,0
BRDA:215,13,0,2
BRDA:215,13,1,1
BRDA:219,14,0,0
BRDA:219,14,1,1
BRDA:264,15,0,0
BRDA:264,15,1,5
BRDA:270,16,0,0
BRDA:270,16,1,5
BRDA:270,17,0,5
BRDA:270,17,1,3
BRF:37
BRH:28
end_of_record
TN:
SF:src\main\generators\vm-generator.js
FN:18,(anonymous_0)
FN:37,(anonymous_1)
FN:70,(anonymous_2)
FN:80,(anonymous_3)
FN:141,(anonymous_4)
FN:185,(anonymous_5)
FN:213,(anonymous_6)
FN:241,(anonymous_7)
FN:269,(anonymous_8)
FN:297,(anonymous_9)
FN:331,(anonymous_10)
FNF:11
FNH:11
FNDA:151,(anonymous_0)
FNDA:126,(anonymous_1)
FNDA:11,(anonymous_2)
FNDA:121,(anonymous_3)
FNDA:6,(anonymous_4)
FNDA:6,(anonymous_5)
FNDA:6,(anonymous_6)
FNDA:8,(anonymous_7)
FNDA:6,(anonymous_8)
FNDA:6,(anonymous_9)
FNDA:6,(anonymous_10)
DA:5,2
DA:18,2
DA:19,151
DA:37,2
DA:38,126
DA:39,12
DA:42,114
DA:43,44
DA:46,70
DA:47,33
DA:50,37
DA:51,36
DA:52,34
DA:53,2
DA:54,1
DA:56,1
DA:61,1
DA:70,2
DA:71,11
DA:72,11
DA:74,11
DA:75,11
DA:76,0
DA:80,11
DA:81,121
DA:83,121
DA:84,121
DA:89,121
DA:92,121
DA:93,0
DA:94,0
DA:96,0
DA:100,121
DA:101,121
DA:102,121
DA:106,11
DA:107,6
DA:108,9
DA:112,9
DA:114,5
DA:115,5
DA:116,5
DA:119,4
DA:120,4
DA:121,4
DA:124,9
DA:126,9
DA:128,9
DA:132,11
DA:141,2
DA:142,6
DA:143,6
DA:145,6
DA:146,4
DA:149,2
DA:150,2
DA:152,2
DA:153,4
DA:154,4
DA:155,4
DA:156,4
DA:158,4
DA:159,4
DA:163,2
DA:164,2
DA:173,2
DA:176,2
DA:185,2
DA:186,6
DA:187,6
DA:189,6
DA:190,4
DA:193,2
DA:202,2
DA:204,2
DA:213,2
DA:214,6
DA:215,6
DA:217,6
DA:218,4
DA:221,2
DA:230,2
DA:232,2
DA:241,2
DA:242,8
DA:243,8
DA:245,8
DA:246,4
DA:249,4
DA:258,4
DA:260,4
DA:269,2
DA:270,6
DA:271,6
DA:273,6
DA:274,4
DA:277,2
DA:286,2
DA:288,2
DA:297,2
DA:298,6
DA:299,6
DA:301,6
DA:302,4
DA:305,2
DA:306,2
DA:308,2
DA:309,4
DA:310,4
DA:319,4
DA:322,2
DA:331,2
DA:332,6
DA:335,6
DA:338,6
DA:339,6
DA:340,6
DA:341,6
DA:342,6
DA:343,6
DA:345,6
DA:348,2
LF:122
LH:118
BRDA:38,0,0,12
BRDA:38,0,1,114
BRDA:42,1,0,44
BRDA:42,1,1,70
BRDA:42,2,0,114
BRDA:42,2,1,81
BRDA:46,3,0,33
BRDA:46,3,1,37
BRDA:47,4,0,33
BRDA:47,4,1,0
BRDA:50,5,0,36
BRDA:50,5,1,1
BRDA:51,6,0,34
BRDA:51,6,1,2
BRDA:53,7,0,1
BRDA:53,7,1,1
BRDA:75,8,0,0
BRDA:75,8,1,11
BRDA:81,9,0,121
BRDA:83,10,0,121
BRDA:83,10,1,0
BRDA:84,11,0,88
BRDA:84,11,1,33
BRDA:86,12,0,18
BRDA:86,12,1,15
BRDA:92,13,0,0
BRDA:92,13,1,121
BRDA:93,14,0,0
BRDA:93,14,1,0
BRDA:106,15,0,6
BRDA:106,15,1,5
BRDA:106,16,0,11
BRDA:106,16,1,6
BRDA:108,17,0,9
BRDA:108,17,1,3
BRDA:112,18,0,5
BRDA:112,18,1,4
BRDA:145,19,0,4
BRDA:145,19,1,2
BRDA:150,20,0,2
BRDA:150,20,1,0
BRDA:153,21,0,4
BRDA:153,21,1,0
BRDA:155,22,0,0
BRDA:155,22,1,4
BRDA:163,23,0,2
BRDA:163,23,1,0
BRDA:169,24,0,0
BRDA:169,24,1,2
BRDA:189,25,0,4
BRDA:189,25,1,2
BRDA:198,26,0,0
BRDA:198,26,1,2
BRDA:217,27,0,4
BRDA:217,27,1,2
BRDA:226,28,0,0
BRDA:226,28,1,2
BRDA:245,29,0,4
BRDA:245,29,1,4
BRDA:254,30,0,1
BRDA:254,30,1,3
BRDA:273,31,0,4
BRDA:273,31,1,2
BRDA:282,32,0,0
BRDA:282,32,1,2
BRDA:301,33,0,4
BRDA:301,33,1,2
BRDA:306,34,0,2
BRDA:306,34,1,0
BRDA:315,35,0,0
BRDA:315,35,1,4
BRF:71
BRH:55
end_of_record
TN:
SF:src\main\managers\ip-manager.js
FN:12,(anonymous_0)
FN:22,(anonymous_1)
FN:72,(anonymous_2)
FN:82,(anonymous_3)
FN:90,(anonymous_4)
FN:100,(anonymous_5)
FN:134,(anonymous_6)
FN:154,(anonymous_7)
FN:168,(anonymous_8)
FN:171,(anonymous_9)
FN:190,(anonymous_10)
FN:199,(anonymous_11)
FN:200,(anonymous_12)
FN:212,(anonymous_13)
FN:229,(anonymous_14)
FN:242,(anonymous_15)
FN:256,(anonymous_16)
FN:263,(anonymous_17)
FNF:18
FNH:18
FNDA:35,(anonymous_0)
FNDA:35,(anonymous_1)
FNDA:35,(anonymous_2)
FNDA:1,(anonymous_3)
FNDA:6,(anonymous_4)
FNDA:279,(anonymous_5)
FNDA:54,(anonymous_6)
FNDA:6,(anonymous_7)
FNDA:7,(anonymous_8)
FNDA:24,(anonymous_9)
FNDA:1,(anonymous_10)
FNDA:1,(anonymous_11)
FNDA:4,(anonymous_12)
FNDA:3,(anonymous_13)
FNDA:2,(anonymous_14)
FNDA:33,(anonymous_15)
FNDA:7,(anonymous_16)
FNDA:28,(anonymous_17)
DA:5,2
DA:6,2
DA:13,35
DA:14,35
DA:15,35
DA:16,35
DA:23,35
DA:26,35
DA:28,35
DA:29,35
DA:30,35
DA:31,2
DA:34,35
DA:35,28
DA:36,28
DA:37,28
DA:38,0
DA:41,7
DA:44,35
DA:45,35
DA:46,35
DA:47,0
DA:50,35
DA:51,35
DA:52,35
DA:53,0
DA:57,35
DA:65,35
DA:83,1
DA:91,6
DA:101,279
DA:102,279
DA:105,279
DA:107,1
DA:108,0
DA:110,1
DA:113,278
DA:114,0
DA:117,278
DA:118,278
DA:120,15
DA:121,15
DA:124,263
DA:125,263
DA:126,263
DA:135,54
DA:136,54
DA:138,54
DA:139,1
DA:142,53
DA:143,53
DA:155,6
DA:169,7
DA:171,7
DA:172,24
DA:173,24
DA:176,24
DA:177,24
DA:178,2
DA:182,7
DA:191,1
DA:192,1
DA:200,1
DA:201,4
DA:213,3
DA:214,3
DA:215,1
DA:218,2
DA:219,2
DA:230,2
DA:231,2
DA:232,18
DA:234,2
DA:243,33
DA:249,33
DA:257,7
DA:263,7
DA:264,28
DA:265,28
DA:267,28
DA:268,28
DA:276,28
DA:277,25
DA:278,25
DA:279,3
DA:280,22
DA:281,1
DA:286,7
DA:290,2
LF:89
LH:84
BRDA:30,0,0,2
BRDA:30,0,1,33
BRDA:34,1,0,28
BRDA:34,1,1,7
BRDA:37,2,0,0
BRDA:37,2,1,28
BRDA:46,3,0,0
BRDA:46,3,1,35
BRDA:52,4,0,0
BRDA:52,4,1,35
BRDA:83,5,0,1
BRDA:83,5,1,0
BRDA:91,6,0,6
BRDA:91,6,1,6
BRDA:100,7,0,107
BRDA:105,8,0,1
BRDA:105,8,1,278
BRDA:105,9,0,279
BRDA:105,9,1,278
BRDA:107,10,0,0
BRDA:107,10,1,1
BRDA:113,11,0,0
BRDA:113,11,1,278
BRDA:118,12,0,15
BRDA:118,12,1,263
BRDA:138,13,0,1
BRDA:138,13,1,53
BRDA:138,14,0,54
BRDA:138,14,1,53
BRDA:173,15,0,0
BRDA:173,15,1,24
BRDA:176,16,0,4
BRDA:176,16,1,20
BRDA:177,17,0,2
BRDA:177,17,1,22
BRDA:191,18,0,1
BRDA:191,18,1,0
BRDA:214,19,0,1
BRDA:214,19,1,2
BRDA:214,20,0,3
BRDA:214,20,1,3
BRDA:214,20,2,3
BRDA:229,21,0,0
BRDA:249,22,0,33
BRDA:249,22,1,1
BRDA:272,23,0,25
BRDA:272,23,1,3
BRDA:276,24,0,25
BRDA:276,24,1,3
BRDA:278,25,0,3
BRDA:278,25,1,22
BRDA:280,26,0,1
BRDA:280,26,1,21
BRF:53
BRH:44
end_of_record
TN:
SF:src\main\services\excel-service.js
FN:50,(anonymous_0)
FN:54,(anonymous_1)
FN:71,(anonymous_2)
FN:79,(anonymous_3)
FN:81,(anonymous_4)
FN:98,(anonymous_5)
FN:111,(anonymous_6)
FN:119,(anonymous_7)
FN:129,(anonymous_8)
FN:170,(anonymous_9)
FN:208,(anonymous_10)
FN:209,(anonymous_11)
FN:286,(anonymous_12)
FN:294,(anonymous_13)
FN:403,(anonymous_14)
FN:411,(anonymous_15)
FN:446,(anonymous_16)
FN:469,(anonymous_17)
FN:525,(anonymous_18)
FN:564,(anonymous_19)
FN:599,(anonymous_20)
FN:641,(anonymous_21)
FNF:22
FNH:0
FNDA:0,(anonymous_0)
FNDA:0,(anonymous_1)
FNDA:0,(anonymous_2)
FNDA:0,(anonymous_3)
FNDA:0,(anonymous_4)
FNDA:0,(anonymous_5)
FNDA:0,(anonymous_6)
FNDA:0,(anonymous_7)
FNDA:0,(anonymous_8)
FNDA:0,(anonymous_9)
FNDA:0,(anonymous_10)
FNDA:0,(anonymous_11)
FNDA:0,(anonymous_12)
FNDA:0,(anonymous_13)
FNDA:0,(anonymous_14)
FNDA:0,(anonymous_15)
FNDA:0,(anonymous_16)
FNDA:0,(anonymous_17)
FNDA:0,(anonymous_18)
FNDA:0,(anonymous_19)
FNDA:0,(anonymous_20)
FNDA:0,(anonymous_21)
DA:5,0
DA:6,0
DA:7,0
DA:12,0
DA:50,0
DA:51,0
DA:52,0
DA:54,0
DA:55,0
DA:56,0
DA:57,0
DA:61,0
DA:71,0
DA:73,0
DA:74,0
DA:75,0
DA:79,0
DA:80,0
DA:81,0
DA:82,0
DA:88,0
DA:98,0
DA:99,0
DA:102,0
DA:111,0
DA:112,0
DA:113,0
DA:114,0
DA:115,0
DA:119,0
DA:120,0
DA:121,0
DA:123,0
DA:124,0
DA:129,0
DA:130,0
DA:131,0
DA:134,0
DA:165,0
DA:166,0
DA:170,0
DA:171,0
DA:175,0
DA:178,0
DA:179,0
DA:180,0
DA:182,0
DA:185,0
DA:186,0
DA:187,0
DA:188,0
DA:192,0
DA:193,0
DA:194,0
DA:195,0
DA:196,0
DA:197,0
DA:200,0
DA:201,0
DA:202,0
DA:203,0
DA:204,0
DA:205,0
DA:208,0
DA:209,0
DA:211,0
DA:218,0
DA:219,0
DA:221,0
DA:226,0
DA:227,0
DA:229,0
DA:234,0
DA:235,0
DA:237,0
DA:242,0
DA:243,0
DA:245,0
DA:250,0
DA:254,0
DA:262,0
DA:263,0
DA:267,0
DA:268,0
DA:269,0
DA:278,0
DA:286,0
DA:287,0
DA:290,0
DA:291,0
DA:294,0
DA:295,0
DA:296,0
DA:299,0
DA:301,0
DA:302,0
DA:303,0
DA:309,0
DA:319,0
DA:320,0
DA:321,0
DA:327,0
DA:337,0
DA:338,0
DA:341,0
DA:344,0
DA:345,0
DA:346,0
DA:352,0
DA:356,0
DA:365,0
DA:368,0
DA:369,0
DA:370,0
DA:374,0
DA:375,0
DA:376,0
DA:380,0
DA:381,0
DA:382,0
DA:386,0
DA:387,0
DA:388,0
DA:393,0
DA:395,0
DA:403,0
DA:404,0
DA:407,0
DA:408,0
DA:411,0
DA:412,0
DA:413,0
DA:417,0
DA:418,0
DA:419,0
DA:423,0
DA:424,0
DA:425,0
DA:429,0
DA:430,0
DA:431,0
DA:436,0
DA:438,0
DA:446,0
DA:447,0
DA:464,0
DA:466,0
DA:469,0
DA:470,0
DA:474,0
DA:475,0
DA:478,0
DA:479,0
DA:480,0
DA:481,0
DA:483,0
DA:484,0
DA:487,0
DA:490,0
DA:525,0
DA:526,0
DA:529,0
DA:532,0
DA:533,0
DA:539,0
DA:542,0
DA:543,0
DA:544,0
DA:548,0
DA:552,0
DA:553,0
DA:559,0
DA:560,0
DA:563,0
DA:564,0
DA:565,0
DA:566,0
DA:570,0
DA:571,0
DA:572,0
DA:573,0
DA:578,0
DA:579,0
DA:585,0
DA:586,0
DA:587,0
DA:588,0
DA:599,0
DA:600,0
DA:601,0
DA:606,0
DA:607,0
DA:608,0
DA:609,0
DA:618,0
DA:622,0
DA:624,0
DA:625,0
DA:626,0
DA:628,0
DA:629,0
DA:632,0
DA:641,0
DA:642,0
DA:644,0
DA:645,0
DA:646,0
DA:649,0
DA:650,0
DA:651,0
DA:652,0
DA:655,0
DA:657,0
DA:668,0
DA:674,0
DA:680,0
DA:681,0
DA:685,0
DA:687,0
DA:693,0
DA:701,0
LF:221
LH:0
BRDA:55,0,0,0
BRDA:55,0,1,0
BRDA:56,1,0,0
BRDA:56,1,1,0
BRDA:80,2,0,0
BRDA:80,2,1,0
BRDA:98,3,0,0
BRDA:112,4,0,0
BRDA:112,4,1,0
BRDA:112,5,0,0
BRDA:112,5,1,0
BRDA:112,5,2,0
BRDA:113,6,0,0
BRDA:113,6,1,0
BRDA:113,7,0,0
BRDA:113,7,1,0
BRDA:113,7,2,0
BRDA:114,8,0,0
BRDA:114,8,1,0
BRDA:114,9,0,0
BRDA:114,9,1,0
BRDA:114,9,2,0
BRDA:115,10,0,0
BRDA:115,10,1,0
BRDA:115,11,0,0
BRDA:115,11,1,0
BRDA:115,11,2,0
BRDA:120,12,0,0
BRDA:120,12,1,0
BRDA:120,13,0,0
BRDA:120,13,1,0
BRDA:120,13,2,0
BRDA:123,14,0,0
BRDA:123,14,1,0
BRDA:123,15,0,0
BRDA:123,15,1,0
BRDA:123,15,2,0
BRDA:185,16,0,0
BRDA:185,16,1,0
BRDA:218,17,0,0
BRDA:218,17,1,0
BRDA:219,18,0,0
BRDA:219,18,1,0
BRDA:227,19,0,0
BRDA:227,19,1,0
BRDA:235,20,0,0
BRDA:235,20,1,0
BRDA:243,21,0,0
BRDA:243,21,1,0
BRDA:262,22,0,0
BRDA:262,22,1,0
BRDA:262,23,0,0
BRDA:262,23,1,0
BRDA:267,24,0,0
BRDA:267,24,1,0
BRDA:267,25,0,0
BRDA:267,25,1,0
BRDA:299,26,0,0
BRDA:299,26,1,0
BRDA:299,27,0,0
BRDA:299,27,1,0
BRDA:302,28,0,0
BRDA:302,28,1,0
BRDA:320,29,0,0
BRDA:320,29,1,0
BRDA:365,30,0,0
BRDA:365,30,1,0
BRDA:368,31,0,0
BRDA:368,31,1,0
BRDA:374,32,0,0
BRDA:374,32,1,0
BRDA:380,33,0,0
BRDA:380,33,1,0
BRDA:380,34,0,0
BRDA:380,34,1,0
BRDA:386,35,0,0
BRDA:386,35,1,0
BRDA:386,36,0,0
BRDA:386,36,1,0
BRDA:417,37,0,0
BRDA:417,37,1,0
BRDA:423,38,0,0
BRDA:423,38,1,0
BRDA:429,39,0,0
BRDA:429,39,1,0
BRDA:463,40,0,0
BRDA:483,41,0,0
BRDA:483,41,1,0
BRDA:487,42,0,0
BRDA:487,42,1,0
BRDA:487,43,0,0
BRDA:487,43,1,0
BRDA:532,44,0,0
BRDA:532,44,1,0
BRDA:542,45,0,0
BRDA:542,45,1,0
BRDA:552,46,0,0
BRDA:552,46,1,0
BRDA:559,47,0,0
BRDA:559,47,1,0
BRDA:578,48,0,0
BRDA:578,48,1,0
BRDA:586,49,0,0
BRDA:586,49,1,0
BRDA:622,50,0,0
BRDA:622,50,1,0
BRDA:622,51,0,0
BRDA:622,51,1,0
BRDA:622,51,2,0
BRDA:624,52,0,0
BRDA:624,52,1,0
BRDA:626,53,0,0
BRDA:626,53,1,0
BRDA:626,54,0,0
BRDA:626,54,1,0
BRDA:680,55,0,0
BRDA:680,55,1,0
BRF:117
BRH:0
end_of_record
TN:
SF:src\main\services\logger.js
FN:33,(anonymous_0)
FN:51,(anonymous_1)
FN:67,(anonymous_2)
FN:75,(anonymous_3)
FN:86,(anonymous_4)
FN:97,(anonymous_5)
FN:120,(anonymous_6)
FN:137,(anonymous_7)
FN:141,(anonymous_8)
FN:142,(anonymous_9)
FN:147,(anonymous_10)
FN:151,(anonymous_11)
FN:167,(anonymous_12)
FN:188,(anonymous_13)
FN:197,(anonymous_14)
FN:206,(anonymous_15)
FN:215,(anonymous_16)
FN:223,(anonymous_17)
FN:231,(anonymous_18)
FN:232,(anonymous_19)
FN:242,(anonymous_20)
FN:244,(anonymous_21)
FNF:22
FNH:0
FNDA:0,(anonymous_0)
FNDA:0,(anonymous_1)
FNDA:0,(anonymous_2)
FNDA:0,(anonymous_3)
FNDA:0,(anonymous_4)
FNDA:0,(anonymous_5)
FNDA:0,(anonymous_6)
FNDA:0,(anonymous_7)
FNDA:0,(anonymous_8)
FNDA:0,(anonymous_9)
FNDA:0,(anonymous_10)
FNDA:0,(anonymous_11)
FNDA:0,(anonymous_12)
FNDA:0,(anonymous_13)
FNDA:0,(anonymous_14)
FNDA:0,(anonymous_15)
FNDA:0,(anonymous_16)
FNDA:0,(anonymous_17)
FNDA:0,(anonymous_18)
FNDA:0,(anonymous_19)
FNDA:0,(anonymous_20)
FNDA:0,(anonymous_21)
DA:5,0
DA:6,0
DA:7,0
DA:12,0
DA:22,0
DA:34,0
DA:35,0
DA:36,0
DA:37,0
DA:38,0
DA:39,0
DA:42,0
DA:45,0
DA:52,0
DA:53,0
DA:54,0
DA:57,0
DA:58,0
DA:68,0
DA:76,0
DA:87,0
DA:88,0
DA:89,0
DA:90,0
DA:98,0
DA:100,0
DA:102,0
DA:103,0
DA:104,0
DA:105,0
DA:110,0
DA:113,0
DA:121,0
DA:122,0
DA:123,0
DA:124,0
DA:127,0
DA:130,0
DA:138,0
DA:139,0
DA:141,0
DA:142,0
DA:147,0
DA:150,0
DA:151,0
DA:152,0
DA:157,0
DA:168,0
DA:170,0
DA:173,0
DA:174,0
DA:176,0
DA:180,0
DA:189,0
DA:198,0
DA:207,0
DA:216,0
DA:224,0
DA:225,0
DA:228,0
DA:229,0
DA:231,0
DA:232,0
DA:234,0
DA:235,0
DA:243,0
DA:244,0
DA:245,0
DA:246,0
DA:248,0
DA:255,0
DA:261,0
LF:72
LH:0
BRDA:33,0,0,0
BRDA:34,1,0,0
BRDA:34,1,1,0
BRDA:37,2,0,0
BRDA:37,2,1,0
BRDA:38,3,0,0
BRDA:38,3,1,0
BRDA:39,4,0,0
BRDA:39,4,1,0
BRDA:52,5,0,0
BRDA:52,5,1,0
BRDA:52,6,0,0
BRDA:52,6,1,0
BRDA:86,7,0,0
BRDA:89,8,0,0
BRDA:89,8,1,0
BRDA:98,9,0,0
BRDA:98,9,1,0
BRDA:102,10,0,0
BRDA:102,10,1,0
BRDA:104,11,0,0
BRDA:104,11,1,0
BRDA:141,12,0,0
BRDA:141,12,1,0
BRDA:150,13,0,0
BRDA:150,13,1,0
BRDA:167,14,0,0
BRDA:168,15,0,0
BRDA:168,15,1,0
BRDA:173,16,0,0
BRDA:173,16,1,0
BRDA:174,17,0,0
BRDA:174,17,1,0
BRDA:174,18,0,0
BRDA:174,18,1,0
BRDA:188,19,0,0
BRDA:197,20,0,0
BRDA:206,21,0,0
BRDA:215,22,0,0
BRDA:224,23,0,0
BRDA:224,23,1,0
BRDA:224,24,0,0
BRDA:224,24,1,0
BRDA:231,25,0,0
BRDA:231,25,1,0
BRDA:256,26,0,0
BRDA:256,26,1,0
BRF:47
BRH:0
end_of_record
TN:
SF:src\main\utils\ip-utils.js
FN:10,(anonymous_0)
FN:10,(anonymous_1)
FN:17,(anonymous_2)
FN:24,(anonymous_3)
FN:32,(anonymous_4)
FN:60,(anonymous_5)
FN:87,(anonymous_6)
FN:154,(anonymous_7)
FN:178,(anonymous_8)
FN:234,(anonymous_9)
FN:237,(anonymous_10)
FN:250,(anonymous_11)
FN:262,(anonymous_12)
FN:279,(anonymous_13)
FN:284,(anonymous_14)
FN:289,(anonymous_15)
FNF:16
FNH:16
FNDA:251,(anonymous_0)
FNDA:998,(anonymous_1)
FNDA:5304,(anonymous_2)
FNDA:33,(anonymous_3)
FNDA:77,(anonymous_4)
FNDA:77,(anonymous_5)
FNDA:196,(anonymous_6)
FNDA:155,(anonymous_7)
FNDA:188,(anonymous_8)
FNDA:207,(anonymous_9)
FNDA:804,(anonymous_10)
FNDA:5,(anonymous_11)
FNDA:138,(anonymous_12)
FNDA:141,(anonymous_13)
FNDA:5285,(anonymous_14)
FNDA:5277,(anonymous_15)
DA:10,998
DA:17,5304
DA:24,33
DA:32,3
DA:33,77
DA:34,77
DA:35,77
DA:36,77
DA:39,77
DA:41,4
DA:42,4
DA:45,73
DA:46,976
DA:50,0
DA:52,73
DA:60,3
DA:61,77
DA:62,77
DA:63,77
DA:64,77
DA:65,77
DA:66,3
DA:68,74
DA:69,74
DA:70,74
DA:71,74
DA:72,74
DA:73,4324
DA:77,0
DA:79,74
DA:87,3
DA:88,196
DA:89,196
DA:90,72
DA:92,124
DA:93,77
DA:94,77
DA:96,2
DA:97,2
DA:99,75
DA:100,75
DA:103,75
DA:104,10
DA:105,10
DA:106,8
DA:109,2
DA:110,2
DA:115,73
DA:117,0
DA:118,0
DA:120,73
DA:122,1
DA:123,1
DA:126,72
DA:129,47
DA:130,46
DA:131,45
DA:134,1
DA:135,1
DA:140,1
DA:143,0
DA:145,1
DA:154,3
DA:155,155
DA:156,4
DA:167,151
DA:174,151
DA:175,0
DA:178,188
DA:179,151
DA:180,151
DA:182,151
DA:183,188
DA:184,188
DA:185,188
DA:187,188
DA:189,6
DA:190,5
DA:191,5
DA:192,4
DA:193,4
DA:196,4
DA:197,3
DA:198,3
DA:199,1
DA:203,4
DA:204,2
DA:205,2
DA:206,2
DA:207,2
DA:209,0
DA:212,2
DA:215,1
DA:218,1
DA:221,182
DA:226,151
DA:234,3
DA:235,207
DA:236,207
DA:237,202
DA:238,804
DA:239,804
DA:250,3
DA:251,5
DA:252,5
DA:253,5
DA:254,5
DA:262,3
DA:263,138
DA:266,138
DA:267,138
DA:268,2
DA:271,138
DA:279,3
DA:280,141
DA:281,141
DA:284,141
DA:285,5285
DA:289,141
DA:290,5277
DA:291,8
DA:295,141
DA:298,3
LF:123
LH:116
BRDA:24,0,0,30
BRDA:24,0,1,3
BRDA:39,1,0,4
BRDA:39,1,1,73
BRDA:65,2,0,3
BRDA:65,2,1,74
BRDA:65,3,0,77
BRDA:65,3,1,76
BRDA:65,3,2,75
BRDA:89,4,0,72
BRDA:89,4,1,124
BRDA:92,5,0,77
BRDA:92,5,1,47
BRDA:94,6,0,2
BRDA:94,6,1,75
BRDA:103,7,0,10
BRDA:103,7,1,65
BRDA:103,8,0,75
BRDA:103,8,1,10
BRDA:105,9,0,8
BRDA:105,9,1,2
BRDA:115,10,0,0
BRDA:115,10,1,73
BRDA:120,11,0,1
BRDA:120,11,1,72
BRDA:129,12,0,46
BRDA:129,12,1,1
BRDA:130,13,0,45
BRDA:130,13,1,1
BRDA:154,14,0,17
BRDA:155,15,0,4
BRDA:155,15,1,151
BRDA:155,16,0,155
BRDA:155,16,1,151
BRDA:156,17,0,1
BRDA:156,17,1,3
BRDA:174,18,0,0
BRDA:174,18,1,151
BRDA:175,19,0,0
BRDA:175,19,1,0
BRDA:184,20,0,188
BRDA:184,20,1,0
BRDA:187,21,0,6
BRDA:187,21,1,182
BRDA:189,22,0,5
BRDA:189,22,1,1
BRDA:191,23,0,4
BRDA:191,23,1,1
BRDA:196,24,0,3
BRDA:196,24,1,1
BRDA:196,25,0,4
BRDA:196,25,1,3
BRDA:198,26,0,1
BRDA:198,26,1,2
BRDA:203,27,0,2
BRDA:203,27,1,2
BRDA:203,28,0,4
BRDA:203,28,1,2
BRDA:206,29,0,2
BRDA:206,29,1,0
BRDA:226,30,0,137
BRDA:226,30,1,14
BRDA:236,31,0,5
BRDA:236,31,1,202
BRDA:239,32,0,804
BRDA:239,32,1,803
BRDA:239,32,2,801
BRDA:254,33,0,5
BRDA:254,33,1,4
BRDA:267,34,0,2
BRDA:267,34,1,136
BRDA:285,35,0,5285
BRDA:285,35,1,5277
BRDA:290,36,0,8
BRDA:290,36,1,5269
BRF:75
BRH:69
end_of_record
TN:
SF:src\main\validators\param-validator.js
FN:9,(anonymous_0)
FN:21,(anonymous_1)
FN:79,(anonymous_2)
FN:126,(anonymous_3)
FN:137,(anonymous_4)
FN:154,(anonymous_5)
FN:163,(anonymous_6)
FN:178,(anonymous_7)
FN:188,(anonymous_8)
FNF:9
FNH:9
FNDA:3,(anonymous_0)
FNDA:14,(anonymous_1)
FNDA:11,(anonymous_2)
FNDA:10,(anonymous_3)
FNDA:8,(anonymous_4)
FNDA:6,(anonymous_5)
FNDA:5,(anonymous_6)
FNDA:4,(anonymous_7)
FNDA:4,(anonymous_8)
DA:10,3
DA:11,3
DA:12,3
DA:21,2
DA:33,14
DA:35,14
DA:38,14
DA:39,2
DA:43,14
DA:44,1
DA:48,14
DA:49,1
DA:52,14
DA:53,0
DA:57,14
DA:58,1
DA:62,14
DA:63,1
DA:67,14
DA:68,0
DA:71,14
DA:79,2
DA:80,11
DA:82,11
DA:85,11
DA:86,1
DA:89,11
DA:90,0
DA:94,11
DA:95,9
DA:96,1
DA:98,9
DA:99,0
DA:102,2
DA:103,1
DA:105,2
DA:106,1
DA:108,2
DA:109,0
DA:114,11
DA:115,0
DA:118,11
DA:126,2
DA:129,10
DA:137,2
DA:138,8
DA:139,8
DA:140,8
DA:142,8
DA:144,8
DA:145,1
DA:154,2
DA:155,6
DA:163,2
DA:164,5
DA:170,5
DA:178,2
DA:179,4
DA:180,4
DA:188,2
DA:189,4
DA:190,4
DA:193,2
LF:63
LH:57
BRDA:9,0,0,1
BRDA:38,1,0,2
BRDA:38,1,1,12
BRDA:38,2,0,14
BRDA:38,2,1,9
BRDA:43,3,0,1
BRDA:43,3,1,13
BRDA:43,4,0,14
BRDA:43,4,1,9
BRDA:48,5,0,1
BRDA:48,5,1,13
BRDA:48,6,0,14
BRDA:48,6,1,3
BRDA:52,7,0,0
BRDA:52,7,1,14
BRDA:52,8,0,14
BRDA:52,8,1,11
BRDA:57,9,0,1
BRDA:57,9,1,13
BRDA:57,10,0,14
BRDA:57,10,1,5
BRDA:62,11,0,1
BRDA:62,11,1,13
BRDA:62,12,0,14
BRDA:62,12,1,2
BRDA:67,13,0,0
BRDA:67,13,1,14
BRDA:67,14,0,14
BRDA:67,14,1,1
BRDA:85,15,0,1
BRDA:85,15,1,10
BRDA:85,16,0,11
BRDA:85,16,1,6
BRDA:89,17,0,0
BRDA:89,17,1,11
BRDA:89,18,0,11
BRDA:89,18,1,5
BRDA:94,19,0,9
BRDA:94,19,1,2
BRDA:95,20,0,1
BRDA:95,20,1,8
BRDA:98,21,0,0
BRDA:98,21,1,9
BRDA:102,22,0,1
BRDA:102,22,1,1
BRDA:105,23,0,1
BRDA:105,23,1,1
BRDA:108,24,0,0
BRDA:108,24,1,2
BRDA:114,25,0,0
BRDA:114,25,1,11
BRDA:144,26,0,1
BRDA:144,26,1,7
BRDA:155,27,0,6
BRDA:155,27,1,5
BRDA:155,27,2,3
BRF:56
BRH:50
end_of_record
TN:
SF:src\renderer\renderer.js
FN:20,(anonymous_0)
FN:37,(anonymous_1)
FN:57,(anonymous_2)
FN:73,(anonymous_3)
FN:86,(anonymous_4)
FN:101,(anonymous_5)
FN:116,(anonymous_6)
FN:133,(anonymous_7)
FN:145,(anonymous_8)
FN:157,(anonymous_9)
FN:220,(anonymous_10)
FN:224,(anonymous_11)
FN:254,(anonymous_12)
FN:262,(anonymous_13)
FN:270,(anonymous_14)
FN:278,(anonymous_15)
FN:286,(anonymous_16)
FN:294,(anonymous_17)
FN:302,(anonymous_18)
FN:310,(anonymous_19)
FN:317,(anonymous_20)
FN:330,(anonymous_21)
FN:362,(anonymous_22)
FN:397,(anonymous_23)
FN:415,(anonymous_24)
FN:420,(anonymous_25)
FN:429,(anonymous_26)
FN:434,(anonymous_27)
FN:443,(anonymous_28)
FN:451,(anonymous_29)
FN:471,(anonymous_30)
FN:473,(anonymous_31)
FN:485,(anonymous_32)
FN:489,(anonymous_33)
FN:517,(anonymous_34)
FN:520,(anonymous_35)
FN:526,(anonymous_36)
FN:536,(anonymous_37)
FN:549,(anonymous_38)
FN:557,(anonymous_39)
FN:574,(anonymous_40)
FN:576,(anonymous_41)
FN:577,(anonymous_42)
FN:584,(anonymous_43)
FN:610,(anonymous_44)
FN:620,(anonymous_45)
FN:631,(anonymous_46)
FN:645,(anonymous_47)
FN:654,(anonymous_48)
FN:672,(anonymous_49)
FN:677,(anonymous_50)
FN:685,(anonymous_51)
FN:689,(anonymous_52)
FN:700,(anonymous_53)
FN:702,(anonymous_54)
FN:735,(anonymous_55)
FN:742,(anonymous_56)
FN:756,(anonymous_57)
FN:788,(anonymous_58)
FN:796,(anonymous_59)
FN:800,(anonymous_60)
FN:804,(anonymous_61)
FN:817,(anonymous_62)
FN:855,(anonymous_63)
FN:864,(anonymous_64)
FN:880,(anonymous_65)
FN:882,(anonymous_66)
FN:891,(anonymous_67)
FN:901,(anonymous_68)
FN:905,(anonymous_69)
FN:922,(anonymous_70)
FN:928,(anonymous_71)
FNF:72
FNH:0
FNDA:0,(anonymous_0)
FNDA:0,(anonymous_1)
FNDA:0,(anonymous_2)
FNDA:0,(anonymous_3)
FNDA:0,(anonymous_4)
FNDA:0,(anonymous_5)
FNDA:0,(anonymous_6)
FNDA:0,(anonymous_7)
FNDA:0,(anonymous_8)
FNDA:0,(anonymous_9)
FNDA:0,(anonymous_10)
FNDA:0,(anonymous_11)
FNDA:0,(anonymous_12)
FNDA:0,(anonymous_13)
FNDA:0,(anonymous_14)
FNDA:0,(anonymous_15)
FNDA:0,(anonymous_16)
FNDA:0,(anonymous_17)
FNDA:0,(anonymous_18)
FNDA:0,(anonymous_19)
FNDA:0,(anonymous_20)
FNDA:0,(anonymous_21)
FNDA:0,(anonymous_22)
FNDA:0,(anonymous_23)
FNDA:0,(anonymous_24)
FNDA:0,(anonymous_25)
FNDA:0,(anonymous_26)
FNDA:0,(anonymous_27)
FNDA:0,(anonymous_28)
FNDA:0,(anonymous_29)
FNDA:0,(anonymous_30)
FNDA:0,(anonymous_31)
FNDA:0,(anonymous_32)
FNDA:0,(anonymous_33)
FNDA:0,(anonymous_34)
FNDA:0,(anonymous_35)
FNDA:0,(anonymous_36)
FNDA:0,(anonymous_37)
FNDA:0,(anonymous_38)
FNDA:0,(anonymous_39)
FNDA:0,(anonymous_40)
FNDA:0,(anonymous_41)
FNDA:0,(anonymous_42)
FNDA:0,(anonymous_43)
FNDA:0,(anonymous_44)
FNDA:0,(anonymous_45)
FNDA:0,(anonymous_46)
FNDA:0,(anonymous_47)
FNDA:0,(anonymous_48)
FNDA:0,(anonymous_49)
FNDA:0,(anonymous_50)
FNDA:0,(anonymous_51)
FNDA:0,(anonymous_52)
FNDA:0,(anonymous_53)
FNDA:0,(anonymous_54)
FNDA:0,(anonymous_55)
FNDA:0,(anonymous_56)
FNDA:0,(anonymous_57)
FNDA:0,(anonymous_58)
FNDA:0,(anonymous_59)
FNDA:0,(anonymous_60)
FNDA:0,(anonymous_61)
FNDA:0,(anonymous_62)
FNDA:0,(anonymous_63)
FNDA:0,(anonymous_64)
FNDA:0,(anonymous_65)
FNDA:0,(anonymous_66)
FNDA:0,(anonymous_67)
FNDA:0,(anonymous_68)
FNDA:0,(anonymous_69)
FNDA:0,(anonymous_70)
FNDA:0,(anonymous_71)
DA:6,0
DA:13,0
DA:21,0
DA:22,0
DA:23,0
DA:24,0
DA:29,0
DA:38,0
DA:39,0
DA:41,0
DA:43,0
DA:45,0
DA:48,0
DA:58,0
DA:59,0
DA:60,0
DA:63,0
DA:64,0
DA:74,0
DA:75,0
DA:76,0
DA:77,0
DA:79,0
DA:81,0
DA:82,0
DA:85,0
DA:86,0
DA:87,0
DA:88,0
DA:89,0
DA:102,0
DA:103,0
DA:104,0
DA:107,0
DA:108,0
DA:111,0
DA:115,0
DA:116,0
DA:118,0
DA:119,0
DA:120,0
DA:121,0
DA:134,0
DA:136,0
DA:137,0
DA:146,0
DA:147,0
DA:152,0
DA:158,0
DA:159,0
DA:161,0
DA:221,0
DA:222,0
DA:224,0
DA:225,0
DA:226,0
DA:227,0
DA:228,0
DA:229,0
DA:231,0
DA:232,0
DA:243,0
DA:248,0
DA:255,0
DA:256,0
DA:259,0
DA:263,0
DA:264,0
DA:271,0
DA:272,0
DA:280,0
DA:287,0
DA:288,0
DA:295,0
DA:296,0
DA:303,0
DA:304,0
DA:311,0
DA:312,0
DA:319,0
DA:321,0
DA:322,0
DA:323,0
DA:324,0
DA:325,0
DA:328,0
DA:332,0
DA:339,0
DA:340,0
DA:341,0
DA:342,0
DA:343,0
DA:347,0
DA:356,0
DA:363,0
DA:364,0
DA:365,0
DA:367,0
DA:368,0
DA:370,0
DA:372,0
DA:373,0
DA:375,0
DA:378,0
DA:380,0
DA:381,0
DA:383,0
DA:384,0
DA:390,0
DA:398,0
DA:400,0
DA:401,0
DA:404,0
DA:405,0
DA:406,0
DA:409,0
DA:416,0
DA:417,0
DA:420,0
DA:421,0
DA:422,0
DA:430,0
DA:431,0
DA:434,0
DA:435,0
DA:436,0
DA:437,0
DA:438,0
DA:443,0
DA:444,0
DA:453,0
DA:454,0
DA:457,0
DA:472,0
DA:473,0
DA:474,0
DA:475,0
DA:478,0
DA:486,0
DA:487,0
DA:489,0
DA:490,0
DA:491,0
DA:492,0
DA:495,0
DA:503,0
DA:504,0
DA:505,0
DA:507,0
DA:508,0
DA:509,0
DA:518,0
DA:519,0
DA:520,0
DA:527,0
DA:528,0
DA:530,0
DA:537,0
DA:538,0
DA:539,0
DA:545,0
DA:551,0
DA:554,0
DA:557,0
DA:558,0
DA:562,0
DA:565,0
DA:568,0
DA:576,0
DA:577,0
DA:578,0
DA:581,0
DA:582,0
DA:584,0
DA:585,0
DA:586,0
DA:587,0
DA:588,0
DA:591,0
DA:594,0
DA:595,0
DA:598,0
DA:599,0
DA:600,0
DA:601,0
DA:602,0
DA:603,0
DA:606,0
DA:607,0
DA:610,0
DA:611,0
DA:612,0
DA:613,0
DA:615,0
DA:616,0
DA:620,0
DA:621,0
DA:624,0
DA:625,0
DA:628,0
DA:631,0
DA:632,0
DA:634,0
DA:637,0
DA:638,0
DA:641,0
DA:645,0
DA:646,0
DA:647,0
DA:648,0
DA:649,0
DA:650,0
DA:654,0
DA:655,0
DA:656,0
DA:657,0
DA:658,0
DA:659,0
DA:663,0
DA:664,0
DA:665,0
DA:668,0
DA:672,0
DA:673,0
DA:677,0
DA:678,0
DA:686,0
DA:687,0
DA:689,0
DA:690,0
DA:691,0
DA:692,0
DA:701,0
DA:702,0
DA:703,0
DA:705,0
DA:706,0
DA:707,0
DA:708,0
DA:709,0
DA:712,0
DA:714,0
DA:715,0
DA:716,0
DA:717,0
DA:718,0
DA:721,0
DA:722,0
DA:723,0
DA:724,0
DA:725,0
DA:737,0
DA:738,0
DA:742,0
DA:743,0
DA:744,0
DA:745,0
DA:746,0
DA:757,0
DA:759,0
DA:760,0
DA:761,0
DA:765,0
DA:768,0
DA:770,0
DA:772,0
DA:773,0
DA:777,0
DA:782,0
DA:789,0
DA:790,0
DA:798,0
DA:799,0
DA:800,0
DA:804,0
DA:805,0
DA:806,0
DA:811,0
DA:818,0
DA:819,0
DA:821,0
DA:822,0
DA:823,0
DA:825,0
DA:850,0
DA:851,0
DA:854,0
DA:855,0
DA:857,0
DA:866,0
DA:867,0
DA:870,0
DA:871,0
DA:872,0
DA:873,0
DA:881,0
DA:882,0
DA:883,0
DA:884,0
DA:885,0
DA:886,0
DA:887,0
DA:888,0
DA:889,0
DA:890,0
DA:891,0
DA:892,0
DA:902,0
DA:903,0
DA:905,0
DA:906,0
DA:907,0
DA:910,0
DA:911,0
DA:912,0
DA:915,0
DA:923,0
DA:928,0
DA:929,0
DA:930,0
LF:320
LH:0
BRDA:37,0,0,0
BRDA:37,1,0,0
BRDA:39,2,0,0
BRDA:39,2,1,0
BRDA:41,3,0,0
BRDA:41,3,1,0
BRDA:41,3,2,0
BRDA:41,3,3,0
BRDA:43,4,0,0
BRDA:43,4,1,0
BRDA:48,5,0,0
BRDA:48,5,1,0
BRDA:59,6,0,0
BRDA:59,6,1,0
BRDA:63,7,0,0
BRDA:63,7,1,0
BRDA:75,8,0,0
BRDA:75,8,1,0
BRDA:75,9,0,0
BRDA:75,9,1,0
BRDA:79,10,0,0
BRDA:79,10,1,0
BRDA:82,11,0,0
BRDA:82,11,1,0
BRDA:88,12,0,0
BRDA:88,12,1,0
BRDA:101,13,0,0
BRDA:102,14,0,0
BRDA:102,14,1,0
BRDA:115,15,0,0
BRDA:115,15,1,0
BRDA:118,16,0,0
BRDA:118,16,1,0
BRDA:134,17,0,0
BRDA:134,17,1,0
BRDA:146,18,0,0
BRDA:146,18,1,0
BRDA:171,19,0,0
BRDA:171,19,1,0
BRDA:172,20,0,0
BRDA:172,20,1,0
BRDA:226,21,0,0
BRDA:226,21,1,0
BRDA:227,22,0,0
BRDA:227,22,1,0
BRDA:228,23,0,0
BRDA:228,23,1,0
BRDA:229,24,0,0
BRDA:229,24,1,0
BRDA:231,25,0,0
BRDA:231,25,1,0
BRDA:231,26,0,0
BRDA:231,26,1,0
BRDA:231,26,2,0
BRDA:231,26,3,0
BRDA:261,27,0,0
BRDA:261,27,1,0
BRDA:269,28,0,0
BRDA:269,28,1,0
BRDA:277,29,0,0
BRDA:277,29,1,0
BRDA:285,30,0,0
BRDA:285,30,1,0
BRDA:293,31,0,0
BRDA:293,31,1,0
BRDA:301,32,0,0
BRDA:301,32,1,0
BRDA:309,33,0,0
BRDA:309,33,1,0
BRDA:319,34,0,0
BRDA:319,34,1,0
BRDA:322,35,0,0
BRDA:322,35,1,0
BRDA:340,36,0,0
BRDA:340,36,1,0
BRDA:372,37,0,0
BRDA:372,37,1,0
BRDA:398,38,0,0
BRDA:398,38,1,0
BRDA:436,39,0,0
BRDA:436,39,1,0
BRDA:451,40,0,0
BRDA:453,41,0,0
BRDA:453,41,1,0
BRDA:461,42,0,0
BRDA:461,42,1,0
BRDA:463,43,0,0
BRDA:463,43,1,0
BRDA:478,44,0,0
BRDA:478,44,1,0
BRDA:490,45,0,0
BRDA:490,45,1,0
BRDA:490,46,0,0
BRDA:490,46,1,0
BRDA:527,47,0,0
BRDA:527,47,1,0
BRDA:537,48,0,0
BRDA:537,48,1,0
BRDA:586,49,0,0
BRDA:586,49,1,0
BRDA:615,50,0,0
BRDA:615,50,1,0
BRDA:655,51,0,0
BRDA:655,51,1,0
BRDA:655,52,0,0
BRDA:655,52,1,0
BRDA:658,53,0,0
BRDA:658,53,1,0
BRDA:690,54,0,0
BRDA:690,54,1,0
BRDA:703,55,0,0
BRDA:703,55,1,0
BRDA:707,56,0,0
BRDA:707,56,1,0
BRDA:712,57,0,0
BRDA:712,57,1,0
BRDA:737,58,0,0
BRDA:737,58,1,0
BRDA:743,59,0,0
BRDA:743,59,1,0
BRDA:743,60,0,0
BRDA:743,60,1,0
BRDA:745,61,0,0
BRDA:745,61,1,0
BRDA:759,62,0,0
BRDA:759,62,1,0
BRDA:770,63,0,0
BRDA:770,63,1,0
BRDA:799,64,0,0
BRDA:799,64,1,0
BRDA:805,65,0,0
BRDA:805,65,1,0
BRDA:866,66,0,0
BRDA:866,66,1,0
BRDA:871,67,0,0
BRDA:871,67,1,0
BRDA:884,68,0,0
BRDA:884,68,1,0
BRDA:886,69,0,0
BRDA:886,69,1,0
BRDA:886,70,0,0
BRDA:886,70,1,0
BRDA:906,71,0,0
BRDA:906,71,1,0
BRDA:911,72,0,0
BRDA:911,72,1,0
BRF:146
BRH:0
end_of_record
