TN:
SF:src\preload.js
FN:9,(anonymous_0)
FN:12,(anonymous_1)
FNF:2
FNH:0
FNDA:0,(anonymous_0)
FNDA:0,(anonymous_1)
DA:5,0
DA:7,0
DA:9,0
DA:12,0
LF:4
LH:0
BRF:0
BRH:0
end_of_record
TN:
SF:src\main\generator.js
FN:19,(anonymous_0)
FN:31,(anonymous_1)
FN:96,(anonymous_2)
FN:116,generatePlan
FN:181,(anonymous_4)
FN:200,(anonymous_5)
FN:201,(anonymous_6)
FNF:7
FNH:4
FNDA:6,(anonymous_0)
FNDA:6,(anonymous_1)
FNDA:5,(anonymous_2)
FNDA:6,generatePlan
FNDA:0,(anonymous_4)
FNDA:0,(anonymous_5)
FNDA:0,(anonymous_6)
DA:7,1
DA:8,1
DA:9,1
DA:10,1
DA:11,1
DA:12,1
DA:19,1
DA:20,6
DA:31,1
DA:46,6
DA:49,6
DA:57,6
DA:59,6
DA:60,4
DA:62,6
DA:63,6
DA:64,6
DA:65,6
DA:66,6
DA:67,4
DA:69,6
DA:76,6
DA:96,1
DA:97,5
DA:98,5
DA:100,5
DA:117,6
DA:119,6
DA:122,6
DA:125,6
DA:128,6
DA:131,5
DA:132,5
DA:135,0
DA:139,5
DA:142,5
DA:145,5
DA:148,5
DA:151,5
DA:168,1
DA:181,1
DA:182,0
DA:184,0
DA:185,0
DA:188,0
DA:189,0
DA:192,0
DA:193,0
DA:197,0
DA:198,0
DA:200,0
DA:201,0
DA:202,0
DA:203,0
DA:204,0
DA:206,0
DA:212,0
DA:213,0
DA:216,0
DA:226,1
LF:60
LH:41
BRDA:50,0,0,2
BRDA:50,0,1,4
BRDA:51,1,0,4
BRDA:51,1,1,2
BRDA:59,2,0,2
BRDA:59,2,1,4
BRDA:60,3,0,0
BRDA:60,3,1,4
BRDA:62,4,0,2
BRDA:62,4,1,4
BRDA:63,5,0,2
BRDA:63,5,1,4
BRDA:64,6,0,2
BRDA:64,6,1,4
BRDA:65,7,0,2
BRDA:65,7,1,4
BRDA:66,8,0,2
BRDA:66,8,1,4
BRDA:67,9,0,0
BRDA:67,9,1,4
BRDA:71,10,0,4
BRDA:71,10,1,2
BRDA:106,11,0,5
BRDA:106,11,1,0
BRDA:132,12,0,0
BRDA:132,12,1,5
BRDA:170,13,0,1
BRDA:170,13,1,1
BRDA:184,14,0,0
BRDA:184,14,1,0
BRDA:184,15,0,0
BRDA:184,15,1,0
BRDA:188,16,0,0
BRDA:188,16,1,0
BRDA:188,17,0,0
BRDA:188,17,1,0
BRDA:192,18,0,0
BRDA:192,18,1,0
BRDA:192,19,0,0
BRDA:192,19,1,0
BRDA:202,20,0,0
BRDA:202,20,1,0
BRDA:202,21,0,0
BRDA:202,21,1,0
BRDA:202,21,2,0
BRDA:203,22,0,0
BRDA:203,22,1,0
BRDA:212,23,0,0
BRDA:212,23,1,0
BRF:49
BRH:24
end_of_record
TN:
SF:src\main\main.js
FN:21,createWindow
FN:46,(anonymous_1)
FN:50,(anonymous_2)
FN:61,createMenu
FN:69,(anonymous_4)
FN:80,(anonymous_5)
FN:91,(anonymous_6)
FN:115,(anonymous_7)
FN:120,(anonymous_8)
FN:131,(anonymous_9)
FN:143,(anonymous_10)
FN:219,(anonymous_11)
FN:233,(anonymous_12)
FN:239,(anonymous_13)
FN:246,(anonymous_14)
FN:253,(anonymous_15)
FN:260,(anonymous_16)
FN:262,(anonymous_17)
FN:268,(anonymous_18)
FNF:19
FNH:0
FNDA:0,createWindow
FNDA:0,(anonymous_1)
FNDA:0,(anonymous_2)
FNDA:0,createMenu
FNDA:0,(anonymous_4)
FNDA:0,(anonymous_5)
FNDA:0,(anonymous_6)
FNDA:0,(anonymous_7)
FNDA:0,(anonymous_8)
FNDA:0,(anonymous_9)
FNDA:0,(anonymous_10)
FNDA:0,(anonymous_11)
FNDA:0,(anonymous_12)
FNDA:0,(anonymous_13)
FNDA:0,(anonymous_14)
FNDA:0,(anonymous_15)
FNDA:0,(anonymous_16)
FNDA:0,(anonymous_17)
FNDA:0,(anonymous_18)
DA:5,0
DA:6,0
DA:7,0
DA:8,0
DA:9,0
DA:12,0
DA:22,0
DA:24,0
DA:35,0
DA:38,0
DA:39,0
DA:43,0
DA:46,0
DA:47,0
DA:50,0
DA:51,0
DA:54,0
DA:62,0
DA:70,0
DA:81,0
DA:92,0
DA:93,0
DA:94,0
DA:96,0
DA:108,0
DA:109,0
DA:115,0
DA:116,0
DA:118,0
DA:120,0
DA:122,0
DA:123,0
DA:131,0
DA:132,0
DA:135,0
DA:136,0
DA:143,0
DA:144,0
DA:145,0
DA:154,0
DA:156,0
DA:158,0
DA:159,0
DA:160,0
DA:167,0
DA:174,0
DA:176,0
DA:178,0
DA:179,0
DA:183,0
DA:190,0
DA:194,0
DA:201,0
DA:202,0
DA:208,0
DA:219,0
DA:220,0
DA:233,0
DA:234,0
DA:236,0
DA:239,0
DA:240,0
DA:246,0
DA:247,0
DA:253,0
DA:254,0
DA:260,0
DA:262,0
DA:263,0
DA:264,0
DA:268,0
DA:269,0
DA:270,0
DA:271,0
DA:272,0
DA:277,0
LF:76
LH:0
BRDA:38,0,0,0
BRDA:38,0,1,0
BRDA:93,1,0,0
BRDA:93,1,1,0
BRDA:122,2,0,0
BRDA:122,2,1,0
BRDA:135,3,0,0
BRDA:135,3,1,0
BRDA:158,4,0,0
BRDA:158,4,1,0
BRDA:178,5,0,0
BRDA:178,5,1,0
BRDA:196,6,0,0
BRDA:196,6,1,0
BRDA:270,7,0,0
BRDA:270,7,1,0
BRF:16
BRH:0
end_of_record
TN:
SF:src\main\constants\index.js
FNF:0
FNH:0
DA:6,2
DA:7,2
DA:10,2
DA:74,2
DA:90,2
DA:99,2
DA:106,2
DA:113,2
DA:120,2
DA:130,2
DA:140,2
DA:152,2
DA:159,2
LF:13
LH:13
BRF:0
BRH:0
end_of_record
TN:
SF:src\main\generators\server-generator.js
FN:15,(anonymous_0)
FN:52,(anonymous_1)
FN:70,(anonymous_2)
FN:120,(anonymous_3)
FN:149,(anonymous_4)
FN:174,(anonymous_5)
FN:199,(anonymous_6)
FN:224,(anonymous_7)
FN:247,(anonymous_8)
FNF:9
FNH:9
FNDA:32,(anonymous_0)
FNDA:32,(anonymous_1)
FNDA:32,(anonymous_2)
FNDA:5,(anonymous_3)
FNDA:1,(anonymous_4)
FNDA:4,(anonymous_5)
FNDA:1,(anonymous_6)
FNDA:2,(anonymous_7)
FNDA:5,(anonymous_8)
DA:5,1
DA:6,1
DA:15,1
DA:16,32
DA:17,32
DA:19,7
DA:20,7
DA:23,19
DA:24,19
DA:26,3
DA:27,3
DA:29,3
DA:30,3
DA:32,0
DA:35,32
DA:36,0
DA:38,32
DA:52,1
DA:53,32
DA:70,1
DA:71,32
DA:78,32
DA:80,7
DA:81,7
DA:82,7
DA:83,7
DA:84,7
DA:86,3
DA:87,3
DA:88,3
DA:89,3
DA:90,3
DA:92,16
DA:93,16
DA:94,16
DA:95,16
DA:96,16
DA:98,3
DA:99,3
DA:100,3
DA:101,3
DA:102,3
DA:104,3
DA:105,3
DA:106,3
DA:107,3
DA:108,3
DA:111,32
DA:120,1
DA:121,5
DA:122,5
DA:124,5
DA:125,7
DA:126,7
DA:127,7
DA:128,7
DA:129,7
DA:132,7
DA:133,7
DA:134,4
DA:137,7
DA:140,5
DA:149,1
DA:150,1
DA:151,1
DA:153,1
DA:154,3
DA:155,3
DA:156,3
DA:157,3
DA:158,3
DA:160,3
DA:165,1
DA:174,1
DA:175,4
DA:176,4
DA:178,4
DA:179,16
DA:180,16
DA:181,16
DA:182,16
DA:183,16
DA:185,16
DA:190,4
DA:199,1
DA:200,1
DA:201,1
DA:203,1
DA:204,3
DA:205,3
DA:206,3
DA:207,3
DA:208,3
DA:210,3
DA:215,1
DA:224,1
DA:225,2
DA:226,2
DA:228,2
DA:229,3
DA:230,3
DA:231,3
DA:232,3
DA:233,3
DA:235,3
DA:238,2
DA:247,1
DA:248,5
DA:251,5
DA:254,5
DA:255,4
DA:257,1
DA:258,1
DA:262,5
DA:263,2
DA:266,5
DA:269,1
LF:117
LH:115
BRDA:17,0,0,7
BRDA:17,0,1,3
BRDA:17,0,2,19
BRDA:17,0,3,3
BRDA:17,0,4,3
BRDA:17,0,5,0
BRDA:35,1,0,0
BRDA:35,1,1,32
BRDA:35,2,0,32
BRDA:35,2,1,32
BRDA:78,3,0,7
BRDA:78,3,1,3
BRDA:78,3,2,16
BRDA:78,3,3,3
BRDA:78,3,4,3
BRDA:127,4,0,3
BRDA:127,4,1,4
BRDA:133,5,0,4
BRDA:133,5,1,3
BRDA:133,6,0,7
BRDA:133,6,1,4
BRDA:156,7,0,0
BRDA:156,7,1,3
BRDA:181,8,0,6
BRDA:181,8,1,10
BRDA:231,9,0,0
BRDA:231,9,1,3
BRDA:254,10,0,4
BRDA:254,10,1,1
BRDA:262,11,0,2
BRDA:262,11,1,3
BRF:31
BRH:27
end_of_record
TN:
SF:src\main\generators\storage-generator.js
FN:15,(anonymous_0)
FN:31,(anonymous_1)
FN:35,(anonymous_2)
FN:47,(anonymous_3)
FN:48,(anonymous_4)
FN:57,(anonymous_5)
FN:90,(anonymous_6)
FN:127,(anonymous_7)
FN:168,(anonymous_8)
FN:173,(anonymous_9)
FN:200,(anonymous_10)
FN:233,(anonymous_11)
FN:259,(anonymous_12)
FNF:13
FNH:13
FNDA:20,(anonymous_0)
FNDA:8,(anonymous_1)
FNDA:22,(anonymous_2)
FNDA:5,(anonymous_3)
FNDA:10,(anonymous_4)
FNDA:5,(anonymous_5)
FNDA:5,(anonymous_6)
FNDA:8,(anonymous_7)
FNDA:5,(anonymous_8)
FNDA:8,(anonymous_9)
FNDA:5,(anonymous_10)
FNDA:5,(anonymous_11)
FNDA:5,(anonymous_12)
DA:5,1
DA:15,1
DA:16,20
DA:31,1
DA:32,8
DA:35,22
DA:47,1
DA:48,10
DA:57,1
DA:58,5
DA:61,5
DA:71,5
DA:72,5
DA:82,5
DA:90,1
DA:91,5
DA:93,5
DA:95,5
DA:97,2
DA:98,2
DA:99,2
DA:101,2
DA:102,2
DA:103,3
DA:106,3
DA:107,3
DA:110,3
DA:115,3
DA:118,5
DA:127,1
DA:128,8
DA:131,8
DA:132,8
DA:137,8
DA:139,6
DA:140,6
DA:141,6
DA:143,1
DA:144,1
DA:145,1
DA:147,1
DA:148,1
DA:149,1
DA:151,0
DA:152,0
DA:155,8
DA:168,1
DA:169,5
DA:170,5
DA:171,5
DA:173,5
DA:174,8
DA:175,8
DA:176,8
DA:177,8
DA:180,8
DA:181,8
DA:182,8
DA:185,5
DA:200,1
DA:201,5
DA:202,5
DA:204,5
DA:206,1
DA:207,0
DA:211,4
DA:212,3
DA:213,3
DA:215,3
DA:216,2
DA:219,1
DA:220,0
DA:225,5
DA:233,1
DA:234,5
DA:237,5
DA:240,5
DA:243,5
DA:245,5
DA:259,1
DA:260,5
DA:261,5
DA:264,5
DA:265,0
DA:266,0
DA:270,5
DA:271,0
DA:275,5
DA:276,5
DA:278,5
DA:281,1
LF:91
LH:84
BRDA:57,0,0,0
BRDA:71,1,0,5
BRDA:71,1,1,0
BRDA:91,2,0,5
BRDA:95,3,0,2
BRDA:95,3,1,3
BRDA:95,4,0,5
BRDA:95,4,1,4
BRDA:95,4,2,4
BRDA:97,5,0,1
BRDA:97,5,1,1
BRDA:103,6,0,3
BRDA:103,6,1,0
BRDA:103,7,0,3
BRDA:103,7,1,3
BRDA:137,8,0,6
BRDA:137,8,1,1
BRDA:137,8,2,1
BRDA:137,8,3,0
BRDA:204,9,0,1
BRDA:204,9,1,4
BRDA:206,10,0,0
BRDA:206,10,1,1
BRDA:211,11,0,3
BRDA:211,11,1,1
BRDA:212,12,0,3
BRDA:212,12,1,0
BRDA:215,13,0,2
BRDA:215,13,1,1
BRDA:219,14,0,0
BRDA:219,14,1,1
BRDA:264,15,0,0
BRDA:264,15,1,5
BRDA:270,16,0,0
BRDA:270,16,1,5
BRDA:270,17,0,5
BRDA:270,17,1,3
BRF:37
BRH:28
end_of_record
TN:
SF:src\main\generators\vm-generator.js
FN:18,(anonymous_0)
FN:37,(anonymous_1)
FN:70,(anonymous_2)
FN:79,(anonymous_3)
FN:113,(anonymous_4)
FN:157,(anonymous_5)
FN:185,(anonymous_6)
FN:213,(anonymous_7)
FN:241,(anonymous_8)
FN:269,(anonymous_9)
FN:303,(anonymous_10)
FNF:11
FNH:11
FNDA:73,(anonymous_0)
FNDA:55,(anonymous_1)
FNDA:5,(anonymous_2)
FNDA:55,(anonymous_3)
FNDA:5,(anonymous_4)
FNDA:5,(anonymous_5)
FNDA:5,(anonymous_6)
FNDA:5,(anonymous_7)
FNDA:5,(anonymous_8)
FNDA:5,(anonymous_9)
FNDA:5,(anonymous_10)
DA:5,1
DA:18,1
DA:19,73
DA:37,1
DA:38,55
DA:39,5
DA:42,50
DA:43,20
DA:46,30
DA:47,15
DA:50,15
DA:51,15
DA:52,15
DA:53,0
DA:54,0
DA:56,0
DA:61,0
DA:70,1
DA:71,5
DA:72,5
DA:74,5
DA:75,5
DA:76,0
DA:79,5
DA:80,55
DA:82,55
DA:83,55
DA:88,55
DA:91,55
DA:92,0
DA:93,0
DA:95,0
DA:99,55
DA:100,55
DA:101,55
DA:104,5
DA:113,1
DA:114,5
DA:115,5
DA:117,5
DA:118,3
DA:121,2
DA:122,2
DA:124,2
DA:125,4
DA:126,4
DA:127,4
DA:128,4
DA:130,4
DA:131,4
DA:135,2
DA:136,2
DA:145,2
DA:148,2
DA:157,1
DA:158,5
DA:159,5
DA:161,5
DA:162,3
DA:165,2
DA:174,2
DA:176,2
DA:185,1
DA:186,5
DA:187,5
DA:189,5
DA:190,3
DA:193,2
DA:202,2
DA:204,2
DA:213,1
DA:214,5
DA:215,5
DA:217,5
DA:218,3
DA:221,2
DA:230,2
DA:232,2
DA:241,1
DA:242,5
DA:243,5
DA:245,5
DA:246,3
DA:249,2
DA:258,2
DA:260,2
DA:269,1
DA:270,5
DA:271,5
DA:273,5
DA:274,3
DA:277,2
DA:278,2
DA:280,2
DA:281,4
DA:282,4
DA:291,4
DA:294,2
DA:303,1
DA:304,5
DA:307,5
DA:310,5
DA:311,5
DA:312,5
DA:313,5
DA:314,5
DA:315,5
DA:317,5
DA:320,1
LF:109
LH:101
BRDA:38,0,0,5
BRDA:38,0,1,50
BRDA:42,1,0,20
BRDA:42,1,1,30
BRDA:42,2,0,50
BRDA:42,2,1,35
BRDA:46,3,0,15
BRDA:46,3,1,15
BRDA:47,4,0,15
BRDA:47,4,1,0
BRDA:50,5,0,15
BRDA:50,5,1,0
BRDA:51,6,0,15
BRDA:51,6,1,0
BRDA:53,7,0,0
BRDA:53,7,1,0
BRDA:75,8,0,0
BRDA:75,8,1,5
BRDA:80,9,0,55
BRDA:82,10,0,55
BRDA:82,10,1,0
BRDA:83,11,0,33
BRDA:83,11,1,22
BRDA:85,12,0,12
BRDA:85,12,1,10
BRDA:91,13,0,0
BRDA:91,13,1,55
BRDA:92,14,0,0
BRDA:92,14,1,0
BRDA:117,15,0,3
BRDA:117,15,1,2
BRDA:122,16,0,2
BRDA:122,16,1,0
BRDA:125,17,0,4
BRDA:125,17,1,0
BRDA:127,18,0,0
BRDA:127,18,1,4
BRDA:135,19,0,2
BRDA:135,19,1,0
BRDA:141,20,0,0
BRDA:141,20,1,2
BRDA:161,21,0,3
BRDA:161,21,1,2
BRDA:170,22,0,0
BRDA:170,22,1,2
BRDA:189,23,0,3
BRDA:189,23,1,2
BRDA:198,24,0,0
BRDA:198,24,1,2
BRDA:217,25,0,3
BRDA:217,25,1,2
BRDA:226,26,0,0
BRDA:226,26,1,2
BRDA:245,27,0,3
BRDA:245,27,1,2
BRDA:254,28,0,0
BRDA:254,28,1,2
BRDA:273,29,0,3
BRDA:273,29,1,2
BRDA:278,30,0,2
BRDA:278,30,1,0
BRDA:287,31,0,0
BRDA:287,31,1,4
BRF:63
BRH:42
end_of_record
TN:
SF:src\main\managers\ip-manager.js
FN:12,(anonymous_0)
FN:22,(anonymous_1)
FN:46,(anonymous_2)
FN:76,(anonymous_3)
FN:99,(anonymous_4)
FN:119,(anonymous_5)
FN:133,(anonymous_6)
FN:136,(anonymous_7)
FN:154,(anonymous_8)
FN:163,(anonymous_9)
FN:164,(anonymous_10)
FN:176,(anonymous_11)
FN:193,(anonymous_12)
FN:206,(anonymous_13)
FN:220,(anonymous_14)
FN:227,(anonymous_15)
FNF:16
FNH:16
FNDA:35,(anonymous_0)
FNDA:35,(anonymous_1)
FNDA:35,(anonymous_2)
FNDA:277,(anonymous_3)
FNDA:54,(anonymous_4)
FNDA:6,(anonymous_5)
FNDA:7,(anonymous_6)
FNDA:24,(anonymous_7)
FNDA:1,(anonymous_8)
FNDA:1,(anonymous_9)
FNDA:4,(anonymous_10)
FNDA:3,(anonymous_11)
FNDA:2,(anonymous_12)
FNDA:33,(anonymous_13)
FNDA:7,(anonymous_14)
FNDA:28,(anonymous_15)
DA:5,2
DA:6,2
DA:13,35
DA:14,35
DA:15,35
DA:16,35
DA:23,35
DA:26,35
DA:27,35
DA:28,35
DA:29,35
DA:32,35
DA:40,35
DA:47,35
DA:49,35
DA:50,3
DA:53,35
DA:54,0
DA:57,35
DA:58,0
DA:61,35
DA:62,0
DA:65,35
DA:66,3
DA:77,277
DA:78,277
DA:80,277
DA:81,1
DA:84,276
DA:85,276
DA:86,12
DA:89,264
DA:90,264
DA:91,264
DA:100,54
DA:101,54
DA:103,54
DA:104,1
DA:107,53
DA:108,53
DA:120,6
DA:134,7
DA:136,7
DA:137,24
DA:138,24
DA:140,24
DA:141,24
DA:142,1
DA:146,7
DA:155,1
DA:156,1
DA:164,1
DA:165,4
DA:177,3
DA:178,3
DA:179,1
DA:182,2
DA:183,2
DA:194,2
DA:195,2
DA:196,18
DA:198,2
DA:207,33
DA:213,33
DA:221,7
DA:227,7
DA:228,28
DA:229,28
DA:231,28
DA:232,28
DA:240,28
DA:241,25
DA:242,25
DA:243,3
DA:244,22
DA:245,1
DA:250,7
DA:254,2
LF:78
LH:75
BRDA:27,0,0,7
BRDA:27,0,1,28
BRDA:49,1,0,3
BRDA:49,1,1,32
BRDA:53,2,0,0
BRDA:53,2,1,35
BRDA:53,3,0,35
BRDA:53,3,1,28
BRDA:57,4,0,0
BRDA:57,4,1,35
BRDA:61,5,0,0
BRDA:61,5,1,35
BRDA:65,6,0,3
BRDA:65,6,1,32
BRDA:76,7,0,111
BRDA:80,8,0,1
BRDA:80,8,1,276
BRDA:80,9,0,277
BRDA:80,9,1,276
BRDA:85,10,0,12
BRDA:85,10,1,264
BRDA:103,11,0,1
BRDA:103,11,1,53
BRDA:103,12,0,54
BRDA:103,12,1,53
BRDA:138,13,0,0
BRDA:138,13,1,24
BRDA:141,14,0,1
BRDA:141,14,1,23
BRDA:155,15,0,1
BRDA:155,15,1,0
BRDA:178,16,0,1
BRDA:178,16,1,2
BRDA:178,17,0,3
BRDA:178,17,1,3
BRDA:178,17,2,3
BRDA:193,18,0,0
BRDA:213,19,0,33
BRDA:213,19,1,1
BRDA:236,20,0,25
BRDA:236,20,1,3
BRDA:240,21,0,25
BRDA:240,21,1,3
BRDA:242,22,0,3
BRDA:242,22,1,22
BRDA:244,23,0,1
BRDA:244,23,1,21
BRF:47
BRH:41
end_of_record
TN:
SF:src\main\services\excel-service.js
FN:39,(anonymous_0)
FN:43,(anonymous_1)
FN:60,(anonymous_2)
FN:68,(anonymous_3)
FN:70,(anonymous_4)
FN:85,(anonymous_5)
FN:93,(anonymous_6)
FN:116,(anonymous_7)
FN:124,(anonymous_8)
FN:139,(anonymous_9)
FN:147,(anonymous_10)
FN:148,(anonymous_11)
FN:176,(anonymous_12)
FN:188,(anonymous_13)
FN:202,(anonymous_14)
FN:220,(anonymous_15)
FNF:16
FNH:0
FNDA:0,(anonymous_0)
FNDA:0,(anonymous_1)
FNDA:0,(anonymous_2)
FNDA:0,(anonymous_3)
FNDA:0,(anonymous_4)
FNDA:0,(anonymous_5)
FNDA:0,(anonymous_6)
FNDA:0,(anonymous_7)
FNDA:0,(anonymous_8)
FNDA:0,(anonymous_9)
FNDA:0,(anonymous_10)
FNDA:0,(anonymous_11)
FNDA:0,(anonymous_12)
FNDA:0,(anonymous_13)
FNDA:0,(anonymous_14)
FNDA:0,(anonymous_15)
DA:5,0
DA:6,0
DA:11,0
DA:39,0
DA:40,0
DA:41,0
DA:43,0
DA:44,0
DA:45,0
DA:46,0
DA:50,0
DA:60,0
DA:62,0
DA:63,0
DA:64,0
DA:68,0
DA:69,0
DA:70,0
DA:71,0
DA:77,0
DA:85,0
DA:86,0
DA:89,0
DA:90,0
DA:93,0
DA:94,0
DA:106,0
DA:108,0
DA:116,0
DA:117,0
DA:120,0
DA:121,0
DA:124,0
DA:125,0
DA:129,0
DA:131,0
DA:139,0
DA:140,0
DA:143,0
DA:144,0
DA:147,0
DA:148,0
DA:149,0
DA:160,0
DA:161,0
DA:166,0
DA:168,0
DA:176,0
DA:177,0
DA:180,0
DA:181,0
DA:182,0
DA:183,0
DA:184,0
DA:187,0
DA:188,0
DA:189,0
DA:195,0
DA:199,0
DA:200,0
DA:201,0
DA:202,0
DA:203,0
DA:208,0
DA:209,0
DA:211,0
DA:220,0
DA:221,0
DA:223,0
DA:224,0
DA:225,0
DA:228,0
DA:229,0
DA:230,0
DA:231,0
DA:234,0
DA:240,0
DA:241,0
DA:245,0
DA:247,0
DA:253,0
DA:261,0
LF:82
LH:0
BRDA:44,0,0,0
BRDA:44,0,1,0
BRDA:45,1,0,0
BRDA:45,1,1,0
BRDA:69,2,0,0
BRDA:69,2,1,0
BRDA:150,3,0,0
BRDA:150,3,1,0
BRDA:151,4,0,0
BRDA:151,4,1,0
BRDA:160,5,0,0
BRDA:160,5,1,0
BRDA:195,6,0,0
BRDA:195,6,1,0
BRDA:199,7,0,0
BRDA:199,7,1,0
BRDA:199,8,0,0
BRDA:199,8,1,0
BRDA:240,9,0,0
BRDA:240,9,1,0
BRF:20
BRH:0
end_of_record
TN:
SF:src\main\services\logger.js
FN:33,(anonymous_0)
FN:51,(anonymous_1)
FN:67,(anonymous_2)
FN:75,(anonymous_3)
FN:86,(anonymous_4)
FN:97,(anonymous_5)
FN:120,(anonymous_6)
FN:137,(anonymous_7)
FN:141,(anonymous_8)
FN:142,(anonymous_9)
FN:147,(anonymous_10)
FN:151,(anonymous_11)
FN:167,(anonymous_12)
FN:188,(anonymous_13)
FN:197,(anonymous_14)
FN:206,(anonymous_15)
FN:215,(anonymous_16)
FN:223,(anonymous_17)
FN:231,(anonymous_18)
FN:232,(anonymous_19)
FN:242,(anonymous_20)
FN:244,(anonymous_21)
FNF:22
FNH:0
FNDA:0,(anonymous_0)
FNDA:0,(anonymous_1)
FNDA:0,(anonymous_2)
FNDA:0,(anonymous_3)
FNDA:0,(anonymous_4)
FNDA:0,(anonymous_5)
FNDA:0,(anonymous_6)
FNDA:0,(anonymous_7)
FNDA:0,(anonymous_8)
FNDA:0,(anonymous_9)
FNDA:0,(anonymous_10)
FNDA:0,(anonymous_11)
FNDA:0,(anonymous_12)
FNDA:0,(anonymous_13)
FNDA:0,(anonymous_14)
FNDA:0,(anonymous_15)
FNDA:0,(anonymous_16)
FNDA:0,(anonymous_17)
FNDA:0,(anonymous_18)
FNDA:0,(anonymous_19)
FNDA:0,(anonymous_20)
FNDA:0,(anonymous_21)
DA:5,0
DA:6,0
DA:7,0
DA:12,0
DA:22,0
DA:34,0
DA:35,0
DA:36,0
DA:37,0
DA:38,0
DA:39,0
DA:42,0
DA:45,0
DA:52,0
DA:53,0
DA:54,0
DA:57,0
DA:58,0
DA:68,0
DA:76,0
DA:87,0
DA:88,0
DA:89,0
DA:90,0
DA:98,0
DA:100,0
DA:102,0
DA:103,0
DA:104,0
DA:105,0
DA:110,0
DA:113,0
DA:121,0
DA:122,0
DA:123,0
DA:124,0
DA:127,0
DA:130,0
DA:138,0
DA:139,0
DA:141,0
DA:142,0
DA:147,0
DA:150,0
DA:151,0
DA:152,0
DA:157,0
DA:168,0
DA:170,0
DA:173,0
DA:174,0
DA:176,0
DA:180,0
DA:189,0
DA:198,0
DA:207,0
DA:216,0
DA:224,0
DA:225,0
DA:228,0
DA:229,0
DA:231,0
DA:232,0
DA:234,0
DA:235,0
DA:243,0
DA:244,0
DA:245,0
DA:246,0
DA:248,0
DA:255,0
DA:261,0
LF:72
LH:0
BRDA:33,0,0,0
BRDA:34,1,0,0
BRDA:34,1,1,0
BRDA:37,2,0,0
BRDA:37,2,1,0
BRDA:38,3,0,0
BRDA:38,3,1,0
BRDA:39,4,0,0
BRDA:39,4,1,0
BRDA:52,5,0,0
BRDA:52,5,1,0
BRDA:52,6,0,0
BRDA:52,6,1,0
BRDA:86,7,0,0
BRDA:89,8,0,0
BRDA:89,8,1,0
BRDA:98,9,0,0
BRDA:98,9,1,0
BRDA:102,10,0,0
BRDA:102,10,1,0
BRDA:104,11,0,0
BRDA:104,11,1,0
BRDA:141,12,0,0
BRDA:141,12,1,0
BRDA:150,13,0,0
BRDA:150,13,1,0
BRDA:167,14,0,0
BRDA:168,15,0,0
BRDA:168,15,1,0
BRDA:173,16,0,0
BRDA:173,16,1,0
BRDA:174,17,0,0
BRDA:174,17,1,0
BRDA:174,18,0,0
BRDA:174,18,1,0
BRDA:188,19,0,0
BRDA:197,20,0,0
BRDA:206,21,0,0
BRDA:215,22,0,0
BRDA:224,23,0,0
BRDA:224,23,1,0
BRDA:224,24,0,0
BRDA:224,24,1,0
BRDA:231,25,0,0
BRDA:231,25,1,0
BRDA:256,26,0,0
BRDA:256,26,1,0
BRF:47
BRH:0
end_of_record
TN:
SF:src\main\utils\ip-utils.js
FN:10,(anonymous_0)
FN:10,(anonymous_1)
FN:17,(anonymous_2)
FN:24,(anonymous_3)
FN:32,(anonymous_4)
FN:50,(anonymous_5)
FN:77,(anonymous_6)
FN:115,(anonymous_7)
FN:125,(anonymous_8)
FN:141,(anonymous_9)
FN:144,(anonymous_10)
FN:157,(anonymous_11)
FNF:12
FNH:12
FNDA:231,(anonymous_0)
FNDA:918,(anonymous_1)
FNDA:5288,(anonymous_2)
FNDA:36,(anonymous_3)
FNDA:69,(anonymous_4)
FNDA:77,(anonymous_5)
FNDA:154,(anonymous_6)
FNDA:141,(anonymous_7)
FNDA:147,(anonymous_8)
FNDA:9,(anonymous_9)
FNDA:20,(anonymous_10)
FNDA:5,(anonymous_11)
DA:10,918
DA:17,5288
DA:24,36
DA:32,3
DA:33,69
DA:34,69
DA:35,69
DA:36,960
DA:40,0
DA:42,69
DA:50,3
DA:51,77
DA:52,77
DA:53,77
DA:54,77
DA:55,77
DA:56,3
DA:58,74
DA:59,74
DA:60,74
DA:61,74
DA:62,74
DA:63,4324
DA:67,0
DA:69,74
DA:77,3
DA:78,154
DA:79,154
DA:80,72
DA:82,82
DA:83,68
DA:84,68
DA:85,2
DA:87,66
DA:88,66
DA:89,66
DA:90,5
DA:91,5
DA:92,4
DA:94,1
DA:97,65
DA:100,14
DA:101,13
DA:105,0
DA:107,1
DA:115,3
DA:116,141
DA:121,141
DA:122,4
DA:125,147
DA:126,137
DA:128,137
DA:129,147
DA:130,147
DA:133,137
DA:141,3
DA:142,9
DA:143,9
DA:144,6
DA:145,20
DA:146,20
DA:157,3
DA:158,5
DA:159,5
DA:160,5
DA:161,5
DA:164,3
LF:67
LH:64
BRDA:24,0,0,33
BRDA:24,0,1,3
BRDA:55,1,0,3
BRDA:55,1,1,74
BRDA:55,2,0,77
BRDA:55,2,1,76
BRDA:55,2,2,75
BRDA:79,3,0,72
BRDA:79,3,1,82
BRDA:82,4,0,68
BRDA:82,4,1,14
BRDA:84,5,0,2
BRDA:84,5,1,66
BRDA:89,6,0,5
BRDA:89,6,1,61
BRDA:89,7,0,66
BRDA:89,7,1,5
BRDA:91,8,0,4
BRDA:91,8,1,1
BRDA:100,9,0,13
BRDA:100,9,1,1
BRDA:116,10,0,141
BRDA:116,10,1,4
BRDA:121,11,0,4
BRDA:121,11,1,137
BRDA:143,12,0,3
BRDA:143,12,1,6
BRDA:146,13,0,20
BRDA:146,13,1,20
BRDA:146,13,2,19
BRDA:161,14,0,5
BRDA:161,14,1,4
BRF:32
BRH:32
end_of_record
TN:
SF:src\main\validators\param-validator.js
FN:9,(anonymous_0)
FN:21,(anonymous_1)
FN:79,(anonymous_2)
FN:126,(anonymous_3)
FN:156,(anonymous_4)
FN:173,(anonymous_5)
FN:182,(anonymous_6)
FN:197,(anonymous_7)
FN:207,(anonymous_8)
FNF:9
FNH:9
FNDA:3,(anonymous_0)
FNDA:14,(anonymous_1)
FNDA:11,(anonymous_2)
FNDA:10,(anonymous_3)
FNDA:8,(anonymous_4)
FNDA:6,(anonymous_5)
FNDA:5,(anonymous_6)
FNDA:4,(anonymous_7)
FNDA:4,(anonymous_8)
DA:10,3
DA:11,3
DA:12,3
DA:21,2
DA:33,14
DA:35,14
DA:38,14
DA:39,2
DA:43,14
DA:44,1
DA:48,14
DA:49,1
DA:52,14
DA:53,0
DA:57,14
DA:58,1
DA:62,14
DA:63,1
DA:67,14
DA:68,0
DA:71,14
DA:79,2
DA:80,11
DA:82,11
DA:85,11
DA:86,1
DA:89,11
DA:90,0
DA:94,11
DA:95,9
DA:96,1
DA:98,9
DA:99,0
DA:102,2
DA:103,1
DA:105,2
DA:106,1
DA:108,2
DA:109,0
DA:114,11
DA:115,0
DA:118,11
DA:126,2
DA:127,10
DA:129,10
DA:132,10
DA:133,1
DA:136,10
DA:137,1
DA:140,10
DA:141,1
DA:144,10
DA:145,1
DA:148,10
DA:156,2
DA:157,8
DA:158,8
DA:159,8
DA:161,8
DA:163,8
DA:164,1
DA:173,2
DA:174,6
DA:182,2
DA:183,5
DA:189,5
DA:197,2
DA:198,4
DA:199,4
DA:207,2
DA:208,4
DA:209,4
DA:212,2
LF:73
LH:67
BRDA:9,0,0,1
BRDA:38,1,0,2
BRDA:38,1,1,12
BRDA:38,2,0,14
BRDA:38,2,1,9
BRDA:43,3,0,1
BRDA:43,3,1,13
BRDA:43,4,0,14
BRDA:43,4,1,9
BRDA:48,5,0,1
BRDA:48,5,1,13
BRDA:48,6,0,14
BRDA:48,6,1,3
BRDA:52,7,0,0
BRDA:52,7,1,14
BRDA:52,8,0,14
BRDA:52,8,1,11
BRDA:57,9,0,1
BRDA:57,9,1,13
BRDA:57,10,0,14
BRDA:57,10,1,5
BRDA:62,11,0,1
BRDA:62,11,1,13
BRDA:62,12,0,14
BRDA:62,12,1,2
BRDA:67,13,0,0
BRDA:67,13,1,14
BRDA:67,14,0,14
BRDA:67,14,1,1
BRDA:85,15,0,1
BRDA:85,15,1,10
BRDA:85,16,0,11
BRDA:85,16,1,6
BRDA:89,17,0,0
BRDA:89,17,1,11
BRDA:89,18,0,11
BRDA:89,18,1,5
BRDA:94,19,0,9
BRDA:94,19,1,2
BRDA:95,20,0,1
BRDA:95,20,1,8
BRDA:98,21,0,0
BRDA:98,21,1,9
BRDA:102,22,0,1
BRDA:102,22,1,1
BRDA:105,23,0,1
BRDA:105,23,1,1
BRDA:108,24,0,0
BRDA:108,24,1,2
BRDA:114,25,0,0
BRDA:114,25,1,11
BRDA:132,26,0,1
BRDA:132,26,1,9
BRDA:132,27,0,10
BRDA:132,27,1,9
BRDA:136,28,0,1
BRDA:136,28,1,9
BRDA:136,29,0,10
BRDA:136,29,1,3
BRDA:136,29,2,2
BRDA:140,30,0,1
BRDA:140,30,1,9
BRDA:140,31,0,10
BRDA:140,31,1,9
BRDA:144,32,0,1
BRDA:144,32,1,9
BRDA:144,33,0,10
BRDA:144,33,1,9
BRDA:163,34,0,1
BRDA:163,34,1,7
BRDA:174,35,0,6
BRDA:174,35,1,5
BRDA:174,35,2,3
BRF:73
BRH:67
end_of_record
TN:
SF:src\renderer\renderer.js
FN:20,(anonymous_0)
FN:37,(anonymous_1)
FN:57,(anonymous_2)
FN:69,(anonymous_3)
FN:77,(anonymous_4)
FN:89,(anonymous_5)
FN:101,(anonymous_6)
FN:113,(anonymous_7)
FN:168,(anonymous_8)
FN:176,(anonymous_9)
FN:184,(anonymous_10)
FN:192,(anonymous_11)
FN:201,(anonymous_12)
FN:209,(anonymous_13)
FN:217,(anonymous_14)
FN:225,(anonymous_15)
FN:257,(anonymous_16)
FN:293,(anonymous_17)
FN:310,(anonymous_18)
FN:342,(anonymous_19)
FN:359,(anonymous_20)
FN:366,(anonymous_21)
FN:380,(anonymous_22)
FN:406,(anonymous_23)
FNF:24
FNH:0
FNDA:0,(anonymous_0)
FNDA:0,(anonymous_1)
FNDA:0,(anonymous_2)
FNDA:0,(anonymous_3)
FNDA:0,(anonymous_4)
FNDA:0,(anonymous_5)
FNDA:0,(anonymous_6)
FNDA:0,(anonymous_7)
FNDA:0,(anonymous_8)
FNDA:0,(anonymous_9)
FNDA:0,(anonymous_10)
FNDA:0,(anonymous_11)
FNDA:0,(anonymous_12)
FNDA:0,(anonymous_13)
FNDA:0,(anonymous_14)
FNDA:0,(anonymous_15)
FNDA:0,(anonymous_16)
FNDA:0,(anonymous_17)
FNDA:0,(anonymous_18)
FNDA:0,(anonymous_19)
FNDA:0,(anonymous_20)
FNDA:0,(anonymous_21)
FNDA:0,(anonymous_22)
FNDA:0,(anonymous_23)
DA:6,0
DA:13,0
DA:21,0
DA:22,0
DA:23,0
DA:24,0
DA:29,0
DA:38,0
DA:39,0
DA:41,0
DA:43,0
DA:45,0
DA:48,0
DA:58,0
DA:59,0
DA:60,0
DA:70,0
DA:72,0
DA:73,0
DA:76,0
DA:77,0
DA:78,0
DA:79,0
DA:90,0
DA:92,0
DA:93,0
DA:102,0
DA:103,0
DA:108,0
DA:114,0
DA:115,0
DA:117,0
DA:162,0
DA:169,0
DA:170,0
DA:173,0
DA:177,0
DA:178,0
DA:185,0
DA:186,0
DA:193,0
DA:194,0
DA:202,0
DA:203,0
DA:210,0
DA:211,0
DA:218,0
DA:219,0
DA:226,0
DA:227,0
DA:234,0
DA:235,0
DA:236,0
DA:237,0
DA:238,0
DA:242,0
DA:251,0
DA:258,0
DA:259,0
DA:260,0
DA:262,0
DA:263,0
DA:265,0
DA:267,0
DA:268,0
DA:271,0
DA:272,0
DA:275,0
DA:278,0
DA:280,0
DA:281,0
DA:283,0
DA:284,0
DA:294,0
DA:301,0
DA:306,0
DA:311,0
DA:313,0
DA:314,0
DA:317,0
DA:326,0
DA:327,0
DA:329,0
DA:332,0
DA:338,0
DA:344,0
DA:347,0
DA:350,0
DA:353,0
DA:361,0
DA:362,0
DA:366,0
DA:367,0
DA:368,0
DA:369,0
DA:370,0
DA:381,0
DA:383,0
DA:384,0
DA:385,0
DA:389,0
DA:392,0
DA:394,0
DA:396,0
DA:397,0
DA:401,0
DA:406,0
DA:407,0
LF:108
LH:0
BRDA:37,0,0,0
BRDA:37,1,0,0
BRDA:39,2,0,0
BRDA:39,2,1,0
BRDA:41,3,0,0
BRDA:41,3,1,0
BRDA:41,3,2,0
BRDA:41,3,3,0
BRDA:43,4,0,0
BRDA:43,4,1,0
BRDA:48,5,0,0
BRDA:48,5,1,0
BRDA:59,6,0,0
BRDA:59,6,1,0
BRDA:69,7,0,0
BRDA:70,8,0,0
BRDA:70,8,1,0
BRDA:76,9,0,0
BRDA:76,9,1,0
BRDA:76,10,0,0
BRDA:76,10,1,0
BRDA:90,11,0,0
BRDA:90,11,1,0
BRDA:102,12,0,0
BRDA:102,12,1,0
BRDA:127,13,0,0
BRDA:127,13,1,0
BRDA:128,14,0,0
BRDA:128,14,1,0
BRDA:175,15,0,0
BRDA:175,15,1,0
BRDA:183,16,0,0
BRDA:183,16,1,0
BRDA:191,17,0,0
BRDA:191,17,1,0
BRDA:200,18,0,0
BRDA:200,18,1,0
BRDA:208,19,0,0
BRDA:208,19,1,0
BRDA:216,20,0,0
BRDA:216,20,1,0
BRDA:224,21,0,0
BRDA:224,21,1,0
BRDA:235,22,0,0
BRDA:235,22,1,0
BRDA:267,23,0,0
BRDA:267,23,1,0
BRDA:271,24,0,0
BRDA:271,24,1,0
BRDA:311,25,0,0
BRDA:311,25,1,0
BRDA:361,26,0,0
BRDA:361,26,1,0
BRDA:367,27,0,0
BRDA:367,27,1,0
BRDA:367,28,0,0
BRDA:367,28,1,0
BRDA:369,29,0,0
BRDA:369,29,1,0
BRDA:383,30,0,0
BRDA:383,30,1,0
BRDA:394,31,0,0
BRDA:394,31,1,0
BRF:63
BRH:0
end_of_record
